[2024-09-22 18:16:01.198] [info] Using configuration file /home/vaisakh/.config/waybar/config
[2024-09-22 18:16:01.198] [info] Including resource file: ~/.config/waybar/modules.json
[2024-09-22 18:16:01.201] [info] Discovered appearance 'dark'
[2024-09-22 18:16:01.201] [info] Using CSS file /home/vaisakh/.config/waybar/style.css
[2024-09-22 18:16:01.208] [info] Hyprland IPC starting
[2024-09-22 18:16:01.211] [info] Loading persistent workspaces from Hyprland workspace rules
[2024-09-22 18:16:01.831] [warning] Requested height: 5 is less than the minimum height: 33 required by the modules
[2024-09-22 18:16:01.831] [info] Bar configured (width: 1280, height: 33) for output: eDP-1
[2024-09-22 18:16:02.666] [info] Quitting.
[2024-09-22 18:16:07.859] [info] Using configuration file /home/vaisakh/.config/waybar/config
[2024-09-22 18:16:07.860] [info] Including resource file: ~/.config/waybar/modules.json
[2024-09-22 18:16:07.863] [info] Discovered appearance 'dark'
[2024-09-22 18:16:07.863] [info] Using CSS file /home/vaisakh/.config/waybar/style.css
[2024-09-22 18:16:07.871] [info] Hyprland IPC starting
[2024-09-22 18:16:07.879] [info] Loading persistent workspaces from Hyprland workspace rules
[2024-09-22 18:16:08.447] [warning] Requested height: 5 is less than the minimum height: 33 required by the modules
[2024-09-22 18:16:08.447] [info] Bar configured (width: 1280, height: 33) for output: eDP-1

(waybar:105268): LIBDBUSMENU-GLIB-WARNING **: 18:24:58.255: Unable to replace properties on 0: Error getting properties for ID

(waybar:105268): LIBDBUSMENU-GLIB-WARNING **: 18:25:17.127: Unable to replace properties on 0: Error getting properties for ID

(waybar:105268): LIBDBUSMENU-GTK-WARNING **: 18:25:17.127: Children but no menu, someone's been naughty with their 'children-display' property: 'submenu'

(waybar:105268): LIBDBUSMENU-GTK-WARNING **: 18:25:17.127: Children but no menu, someone's been naughty with their 'children-display' property: 'submenu'

(waybar:105268): LIBDBUSMENU-GTK-WARNING **: 18:25:17.128: Children but no menu, someone's been naughty with their 'children-display' property: 'submenu'

(waybar:105268): LIBDBUSMENU-GLIB-WARNING **: 18:25:17.129: Group Properties error: GDBus.Error:org.freedesktop.DBus.Error.UnknownObject: No such object path '/MenuBar'

(waybar:105268): LIBDBUSMENU-GLIB-WARNING **: 18:25:17.130: Unable to replace properties on 0: GDBus.Error:org.freedesktop.DBus.Error.UnknownObject: No such object path '/MenuBar'

(waybar:105268): LIBDBUSMENU-GLIB-WARNING **: 18:25:17.130: Group Properties error: GDBus.Error:org.freedesktop.DBus.Error.UnknownObject: No such object path '/MenuBar'
[2024-09-22 19:39:38.072] [info] Bar configured (width: 1293, height: 33) for output: eDP-1
[2024-09-22 19:39:38.077] [info] Bar configured (width: 1294, height: 33) for output: eDP-1
[2024-09-22 19:39:38.377] [info] Bar configured (width: 1293, height: 33) for output: eDP-1
[2024-09-22 19:39:38.435] [info] Bar configured (width: 1280, height: 33) for output: eDP-1
[2024-09-22 19:39:38.681] [info] Bar configured (width: 1295, height: 33) for output: eDP-1
[2024-09-22 19:39:38.862] [info] Bar configured (width: 1294, height: 33) for output: eDP-1
[2024-09-22 19:39:38.910] [info] Bar configured (width: 1295, height: 33) for output: eDP-1
[2024-09-22 19:39:38.928] [info] Bar configured (width: 1294, height: 33) for output: eDP-1
[2024-09-22 19:39:38.978] [info] Bar configured (width: 1293, height: 33) for output: eDP-1
[2024-09-22 19:39:39.092] [info] Bar configured (width: 1280, height: 33) for output: eDP-1
[2024-09-22 19:39:39.539] [info] Bar configured (width: 1293, height: 33) for output: eDP-1
[2024-09-22 19:39:39.561] [info] Bar configured (width: 1294, height: 33) for output: eDP-1
[2024-09-22 19:39:39.731] [info] Bar configured (width: 1303, height: 33) for output: eDP-1
[2024-09-22 19:39:39.735] [info] Bar configured (width: 1280, height: 33) for output: eDP-1
[2024-09-22 19:40:27.678] [info] Bar configured (width: 1281, height: 33) for output: eDP-1
[2024-09-22 19:40:27.680] [info] Bar configured (width: 1280, height: 33) for output: eDP-1
[2024-09-22 19:41:22.728] [info] Bar configured (width: 1304, height: 33) for output: eDP-1
[2024-09-22 19:41:22.800] [info] Bar configured (width: 1280, height: 33) for output: eDP-1
[2024-09-22 19:41:27.455] [info] Bar configured (width: 1308, height: 33) for output: eDP-1
[2024-09-22 19:41:27.493] [info] Bar configured (width: 1309, height: 33) for output: eDP-1
[2024-09-22 19:41:27.792] [info] Bar configured (width: 1308, height: 33) for output: eDP-1
[2024-09-22 19:41:29.371] [info] Bar configured (width: 1336, height: 33) for output: eDP-1
[2024-09-22 19:41:30.639] [info] Bar configured (width: 1364, height: 33) for output: eDP-1
[2024-09-22 19:41:30.678] [info] Bar configured (width: 1336, height: 33) for output: eDP-1
[2024-09-22 19:41:31.309] [info] Bar configured (width: 1337, height: 33) for output: eDP-1
[2024-09-22 19:41:31.542] [info] Bar configured (width: 1338, height: 33) for output: eDP-1
[2024-09-22 19:41:31.708] [info] Bar configured (width: 1337, height: 33) for output: eDP-1
[2024-09-22 19:41:31.746] [info] Bar configured (width: 1362, height: 33) for output: eDP-1
[2024-09-22 19:41:31.759] [info] Bar configured (width: 1363, height: 33) for output: eDP-1
[2024-09-22 19:41:31.792] [info] Bar configured (width: 1364, height: 33) for output: eDP-1
[2024-09-22 19:41:31.859] [info] Bar configured (width: 1363, height: 33) for output: eDP-1
[2024-09-22 19:41:31.908] [info] Bar configured (width: 1362, height: 33) for output: eDP-1
[2024-09-22 19:41:31.959] [info] Bar configured (width: 1361, height: 33) for output: eDP-1
[2024-09-22 19:41:31.975] [info] Bar configured (width: 1362, height: 33) for output: eDP-1
[2024-09-22 19:41:31.992] [info] Bar configured (width: 1361, height: 33) for output: eDP-1
[2024-09-22 19:41:32.058] [info] Bar configured (width: 1360, height: 33) for output: eDP-1
[2024-09-22 19:41:32.106] [info] Bar configured (width: 1347, height: 33) for output: eDP-1
[2024-09-22 19:41:32.175] [info] Bar configured (width: 1346, height: 33) for output: eDP-1
[2024-09-22 19:41:32.209] [info] Bar configured (width: 1345, height: 33) for output: eDP-1
[2024-09-22 19:41:32.225] [info] Bar configured (width: 1344, height: 33) for output: eDP-1
[2024-09-22 19:41:32.242] [info] Bar configured (width: 1343, height: 33) for output: eDP-1
[2024-09-22 19:41:32.258] [info] Bar configured (width: 1342, height: 33) for output: eDP-1
[2024-09-22 19:41:32.275] [info] Bar configured (width: 1341, height: 33) for output: eDP-1
[2024-09-22 19:41:32.292] [info] Bar configured (width: 1340, height: 33) for output: eDP-1
[2024-09-22 19:41:32.309] [info] Bar configured (width: 1339, height: 33) for output: eDP-1
[2024-09-22 19:41:32.325] [info] Bar configured (width: 1338, height: 33) for output: eDP-1
[2024-09-22 19:41:32.342] [info] Bar configured (width: 1337, height: 33) for output: eDP-1
[2024-09-22 19:41:32.376] [info] Bar configured (width: 1338, height: 33) for output: eDP-1
[2024-09-22 19:41:32.426] [info] Bar configured (width: 1337, height: 33) for output: eDP-1
[2024-09-22 19:41:32.442] [info] Bar configured (width: 1338, height: 33) for output: eDP-1
[2024-09-22 19:41:32.492] [info] Bar configured (width: 1337, height: 33) for output: eDP-1
[2024-09-22 19:41:32.925] [info] Bar configured (width: 1295, height: 33) for output: eDP-1
[2024-09-22 19:41:32.976] [info] Bar configured (width: 1294, height: 33) for output: eDP-1
[2024-09-22 19:41:33.026] [info] Bar configured (width: 1295, height: 33) for output: eDP-1
[2024-09-22 19:41:33.326] [info] Bar configured (width: 1294, height: 33) for output: eDP-1
[2024-09-22 19:41:33.949] [info] Bar configured (width: 1336, height: 33) for output: eDP-1
[2024-09-22 19:41:34.576] [info] Bar configured (width: 1337, height: 33) for output: eDP-1
[2024-09-22 19:41:34.799] [info] Bar configured (width: 1338, height: 33) for output: eDP-1
[2024-09-22 19:41:34.964] [info] Bar configured (width: 1339, height: 33) for output: eDP-1
[2024-09-22 19:41:34.993] [info] Bar configured (width: 1340, height: 33) for output: eDP-1
[2024-09-22 19:41:35.009] [info] Bar configured (width: 1341, height: 33) for output: eDP-1
[2024-09-22 19:41:35.026] [info] Bar configured (width: 1342, height: 33) for output: eDP-1
[2024-09-22 19:41:35.059] [info] Bar configured (width: 1341, height: 33) for output: eDP-1
[2024-09-22 19:41:35.093] [info] Bar configured (width: 1340, height: 33) for output: eDP-1
[2024-09-22 19:41:35.125] [info] Bar configured (width: 1339, height: 33) for output: eDP-1
[2024-09-22 19:41:35.162] [info] Bar configured (width: 1363, height: 33) for output: eDP-1
[2024-09-22 19:41:35.176] [info] Bar configured (width: 1364, height: 33) for output: eDP-1
[2024-09-22 19:41:35.275] [info] Bar configured (width: 1363, height: 33) for output: eDP-1
[2024-09-22 19:41:35.325] [info] Bar configured (width: 1362, height: 33) for output: eDP-1
[2024-09-22 19:41:35.375] [info] Bar configured (width: 1361, height: 33) for output: eDP-1
[2024-09-22 19:41:35.398] [info] Bar configured (width: 1347, height: 33) for output: eDP-1
[2024-09-22 19:41:35.458] [info] Bar configured (width: 1346, height: 33) for output: eDP-1
[2024-09-22 19:41:35.492] [info] Bar configured (width: 1345, height: 33) for output: eDP-1
[2024-09-22 19:41:35.508] [info] Bar configured (width: 1344, height: 33) for output: eDP-1
[2024-09-22 19:41:35.525] [info] Bar configured (width: 1343, height: 33) for output: eDP-1
[2024-09-22 19:41:35.542] [info] Bar configured (width: 1342, height: 33) for output: eDP-1
[2024-09-22 19:41:35.559] [info] Bar configured (width: 1341, height: 33) for output: eDP-1
[2024-09-22 19:41:35.575] [info] Bar configured (width: 1340, height: 33) for output: eDP-1
[2024-09-22 19:41:35.592] [info] Bar configured (width: 1339, height: 33) for output: eDP-1
[2024-09-22 19:41:35.609] [info] Bar configured (width: 1338, height: 33) for output: eDP-1
[2024-09-22 19:41:35.642] [info] Bar configured (width: 1337, height: 33) for output: eDP-1
[2024-09-22 19:41:35.759] [info] Bar configured (width: 1338, height: 33) for output: eDP-1
[2024-09-22 19:41:35.776] [info] Bar configured (width: 1337, height: 33) for output: eDP-1
[2024-09-22 19:41:35.992] [info] Bar configured (width: 1338, height: 33) for output: eDP-1
[2024-09-22 19:41:36.009] [info] Bar configured (width: 1337, height: 33) for output: eDP-1
[2024-09-22 19:41:36.026] [info] Bar configured (width: 1338, height: 33) for output: eDP-1
[2024-09-22 19:41:36.059] [info] Bar configured (width: 1337, height: 33) for output: eDP-1
[2024-09-22 19:41:36.258] [info] Bar configured (width: 1336, height: 33) for output: eDP-1
[2024-09-22 19:41:38.692] [info] Bar configured (width: 1337, height: 33) for output: eDP-1
[2024-09-22 19:41:38.901] [info] Bar configured (width: 1338, height: 33) for output: eDP-1
[2024-09-22 19:41:38.925] [info] Bar configured (width: 1339, height: 33) for output: eDP-1
[2024-09-22 19:41:38.942] [info] Bar configured (width: 1340, height: 33) for output: eDP-1
[2024-09-22 19:41:38.975] [info] Bar configured (width: 1339, height: 33) for output: eDP-1
[2024-09-22 19:41:39.025] [info] Bar configured (width: 1338, height: 33) for output: eDP-1
[2024-09-22 19:41:39.092] [info] Bar configured (width: 1337, height: 33) for output: eDP-1
[2024-09-22 19:41:39.128] [info] Bar configured (width: 1338, height: 33) for output: eDP-1
[2024-09-22 19:41:39.147] [info] Bar configured (width: 1361, height: 33) for output: eDP-1
[2024-09-22 19:41:39.192] [info] Bar configured (width: 1362, height: 33) for output: eDP-1
[2024-09-22 19:41:39.209] [info] Bar configured (width: 1361, height: 33) for output: eDP-1
[2024-09-22 19:41:39.225] [info] Bar configured (width: 1362, height: 33) for output: eDP-1
[2024-09-22 19:41:39.259] [info] Bar configured (width: 1361, height: 33) for output: eDP-1
[2024-09-22 19:41:39.396] [info] Bar configured (width: 1347, height: 33) for output: eDP-1
[2024-09-22 19:41:39.458] [info] Bar configured (width: 1346, height: 33) for output: eDP-1
[2024-09-22 19:41:39.492] [info] Bar configured (width: 1345, height: 33) for output: eDP-1
[2024-09-22 19:41:39.508] [info] Bar configured (width: 1344, height: 33) for output: eDP-1
[2024-09-22 19:41:39.525] [info] Bar configured (width: 1343, height: 33) for output: eDP-1
[2024-09-22 19:41:39.542] [info] Bar configured (width: 1342, height: 33) for output: eDP-1
[2024-09-22 19:41:39.559] [info] Bar configured (width: 1341, height: 33) for output: eDP-1
[2024-09-22 19:41:39.575] [info] Bar configured (width: 1340, height: 33) for output: eDP-1
[2024-09-22 19:41:39.592] [info] Bar configured (width: 1339, height: 33) for output: eDP-1
[2024-09-22 19:41:39.608] [info] Bar configured (width: 1338, height: 33) for output: eDP-1
[2024-09-22 19:41:39.641] [info] Bar configured (width: 1337, height: 33) for output: eDP-1
[2024-09-22 19:41:39.759] [info] Bar configured (width: 1338, height: 33) for output: eDP-1
[2024-09-22 19:41:39.776] [info] Bar configured (width: 1337, height: 33) for output: eDP-1
[2024-09-22 19:41:40.326] [info] Bar configured (width: 1336, height: 33) for output: eDP-1
[2024-09-22 19:41:40.647] [info] Bar configured (width: 1337, height: 33) for output: eDP-1
[2024-09-22 19:41:40.925] [info] Bar configured (width: 1336, height: 33) for output: eDP-1
[2024-09-22 19:41:42.777] [info] Bar configured (width: 1337, height: 33) for output: eDP-1
[2024-09-22 19:41:42.965] [info] Bar configured (width: 1338, height: 33) for output: eDP-1
[2024-09-22 19:41:42.976] [info] Bar configured (width: 1339, height: 33) for output: eDP-1
[2024-09-22 19:41:42.996] [info] Bar configured (width: 1340, height: 33) for output: eDP-1
[2024-09-22 19:41:43.077] [info] Bar configured (width: 1339, height: 33) for output: eDP-1
[2024-09-22 19:41:43.125] [info] Bar configured (width: 1338, height: 33) for output: eDP-1
[2024-09-22 19:41:43.176] [info] Bar configured (width: 1337, height: 33) for output: eDP-1
[2024-09-22 19:41:43.195] [info] Bar configured (width: 1338, height: 33) for output: eDP-1
[2024-09-22 19:41:43.209] [info] Bar configured (width: 1337, height: 33) for output: eDP-1
[2024-09-22 19:41:43.430] [info] Bar configured (width: 1362, height: 33) for output: eDP-1
[2024-09-22 19:41:43.462] [info] Bar configured (width: 1364, height: 33) for output: eDP-1
[2024-09-22 19:41:43.482] [info] Bar configured (width: 1365, height: 33) for output: eDP-1
[2024-09-22 19:41:43.525] [info] Bar configured (width: 1364, height: 33) for output: eDP-1
[2024-09-22 19:41:43.558] [info] Bar configured (width: 1363, height: 33) for output: eDP-1
[2024-09-22 19:41:43.609] [info] Bar configured (width: 1362, height: 33) for output: eDP-1
[2024-09-22 19:41:43.650] [info] Bar configured (width: 1347, height: 33) for output: eDP-1
[2024-09-22 19:41:43.727] [info] Bar configured (width: 1346, height: 33) for output: eDP-1
[2024-09-22 19:41:43.742] [info] Bar configured (width: 1345, height: 33) for output: eDP-1
[2024-09-22 19:41:43.760] [info] Bar configured (width: 1344, height: 33) for output: eDP-1
[2024-09-22 19:41:43.783] [info] Bar configured (width: 1343, height: 33) for output: eDP-1
[2024-09-22 19:41:43.809] [info] Bar configured (width: 1341, height: 33) for output: eDP-1
[2024-09-22 19:41:43.892] [info] Bar configured (width: 1342, height: 33) for output: eDP-1
[2024-09-22 19:41:43.909] [info] Bar configured (width: 1341, height: 33) for output: eDP-1
[2024-09-22 19:41:43.926] [info] Bar configured (width: 1340, height: 33) for output: eDP-1
[2024-09-22 19:41:43.959] [info] Bar configured (width: 1339, height: 33) for output: eDP-1
[2024-09-22 19:41:44.009] [info] Bar configured (width: 1338, height: 33) for output: eDP-1
[2024-09-22 19:41:44.047] [info] Bar configured (width: 1337, height: 33) for output: eDP-1
[2024-09-22 19:41:44.076] [info] Bar configured (width: 1339, height: 33) for output: eDP-1
[2024-09-22 19:41:44.144] [info] Bar configured (width: 1338, height: 33) for output: eDP-1
[2024-09-22 19:41:44.228] [info] Bar configured (width: 1337, height: 33) for output: eDP-1
[2024-09-22 19:41:44.359] [info] Bar configured (width: 1336, height: 33) for output: eDP-1
[2024-09-22 19:41:45.425] [info] Bar configured (width: 1337, height: 33) for output: eDP-1
[2024-09-22 19:41:45.642] [info] Bar configured (width: 1339, height: 33) for output: eDP-1
[2024-09-22 19:41:45.658] [info] Bar configured (width: 1340, height: 33) for output: eDP-1
[2024-09-22 19:41:45.693] [info] Bar configured (width: 1339, height: 33) for output: eDP-1
[2024-09-22 19:41:45.709] [info] Bar configured (width: 1340, height: 33) for output: eDP-1
[2024-09-22 19:41:45.725] [info] Bar configured (width: 1339, height: 33) for output: eDP-1
[2024-09-22 19:41:45.775] [info] Bar configured (width: 1338, height: 33) for output: eDP-1
[2024-09-22 19:41:45.798] [info] Bar configured (width: 1362, height: 33) for output: eDP-1
[2024-09-22 19:41:45.809] [info] Bar configured (width: 1363, height: 33) for output: eDP-1
[2024-09-22 19:41:45.826] [info] Bar configured (width: 1364, height: 33) for output: eDP-1
[2024-09-22 19:41:45.859] [info] Bar configured (width: 1365, height: 33) for output: eDP-1
[2024-09-22 19:41:45.892] [info] Bar configured (width: 1364, height: 33) for output: eDP-1
[2024-09-22 19:41:45.942] [info] Bar configured (width: 1363, height: 33) for output: eDP-1
[2024-09-22 19:41:45.982] [info] Bar configured (width: 1345, height: 33) for output: eDP-1
[2024-09-22 19:41:45.992] [info] Bar configured (width: 1346, height: 33) for output: eDP-1
[2024-09-22 19:41:46.025] [info] Bar configured (width: 1347, height: 33) for output: eDP-1
[2024-09-22 19:41:46.042] [info] Bar configured (width: 1346, height: 33) for output: eDP-1
[2024-09-22 19:41:46.075] [info] Bar configured (width: 1345, height: 33) for output: eDP-1
[2024-09-22 19:41:46.092] [info] Bar configured (width: 1344, height: 33) for output: eDP-1
[2024-09-22 19:41:46.109] [info] Bar configured (width: 1343, height: 33) for output: eDP-1
[2024-09-22 19:41:46.125] [info] Bar configured (width: 1342, height: 33) for output: eDP-1
[2024-09-22 19:41:46.142] [info] Bar configured (width: 1341, height: 33) for output: eDP-1
[2024-09-22 19:41:46.158] [info] Bar configured (width: 1340, height: 33) for output: eDP-1
[2024-09-22 19:41:46.175] [info] Bar configured (width: 1339, height: 33) for output: eDP-1
[2024-09-22 19:41:46.192] [info] Bar configured (width: 1338, height: 33) for output: eDP-1
[2024-09-22 19:41:46.225] [info] Bar configured (width: 1337, height: 33) for output: eDP-1
[2024-09-22 19:41:46.292] [info] Bar configured (width: 1336, height: 33) for output: eDP-1
[2024-09-22 19:41:46.726] [info] Bar configured (width: 1337, height: 33) for output: eDP-1
[2024-09-22 19:41:47.060] [info] Bar configured (width: 1338, height: 33) for output: eDP-1
[2024-09-22 19:41:47.077] [info] Bar configured (width: 1337, height: 33) for output: eDP-1
[2024-09-22 19:41:47.310] [info] Bar configured (width: 1336, height: 33) for output: eDP-1
[2024-09-22 19:41:52.743] [info] Bar configured (width: 1337, height: 33) for output: eDP-1
[2024-09-22 19:41:52.946] [info] Bar configured (width: 1338, height: 33) for output: eDP-1
[2024-09-22 19:41:52.975] [info] Bar configured (width: 1339, height: 33) for output: eDP-1
[2024-09-22 19:41:52.992] [info] Bar configured (width: 1340, height: 33) for output: eDP-1
[2024-09-22 19:41:53.008] [info] Bar configured (width: 1339, height: 33) for output: eDP-1
[2024-09-22 19:41:53.091] [info] Bar configured (width: 1338, height: 33) for output: eDP-1
[2024-09-22 19:41:53.146] [info] Bar configured (width: 1362, height: 33) for output: eDP-1
[2024-09-22 19:41:53.175] [info] Bar configured (width: 1363, height: 33) for output: eDP-1
[2024-09-22 19:41:53.192] [info] Bar configured (width: 1364, height: 33) for output: eDP-1
[2024-09-22 19:41:53.208] [info] Bar configured (width: 1363, height: 33) for output: eDP-1
[2024-09-22 19:41:53.308] [info] Bar configured (width: 1362, height: 33) for output: eDP-1
[2024-09-22 19:41:53.358] [info] Bar configured (width: 1346, height: 33) for output: eDP-1
[2024-09-22 19:41:53.376] [info] Bar configured (width: 1347, height: 33) for output: eDP-1
[2024-09-22 19:41:53.425] [info] Bar configured (width: 1346, height: 33) for output: eDP-1
[2024-09-22 19:41:53.442] [info] Bar configured (width: 1345, height: 33) for output: eDP-1
[2024-09-22 19:41:53.459] [info] Bar configured (width: 1344, height: 33) for output: eDP-1
[2024-09-22 19:41:53.491] [info] Bar configured (width: 1342, height: 33) for output: eDP-1
[2024-09-22 19:41:53.508] [info] Bar configured (width: 1341, height: 33) for output: eDP-1
[2024-09-22 19:41:53.525] [info] Bar configured (width: 1340, height: 33) for output: eDP-1
[2024-09-22 19:41:53.541] [info] Bar configured (width: 1339, height: 33) for output: eDP-1
[2024-09-22 19:41:53.642] [info] Bar configured (width: 1338, height: 33) for output: eDP-1
[2024-09-22 19:41:53.659] [info] Bar configured (width: 1339, height: 33) for output: eDP-1
[2024-09-22 19:41:53.692] [info] Bar configured (width: 1338, height: 33) for output: eDP-1
[2024-09-22 19:41:53.775] [info] Bar configured (width: 1337, height: 33) for output: eDP-1
[2024-09-22 19:41:53.891] [info] Bar configured (width: 1336, height: 33) for output: eDP-1
[2024-09-22 19:42:03.992] [info] Bar configured (width: 1337, height: 33) for output: eDP-1
[2024-09-22 19:42:04.291] [info] Bar configured (width: 1336, height: 33) for output: eDP-1
[2024-09-22 19:42:22.108] [info] Bar configured (width: 1337, height: 33) for output: eDP-1
[2024-09-22 19:42:22.408] [info] Bar configured (width: 1336, height: 33) for output: eDP-1
[2024-09-22 19:42:22.641] [info] Bar configured (width: 1337, height: 33) for output: eDP-1
[2024-09-22 19:42:22.941] [info] Bar configured (width: 1336, height: 33) for output: eDP-1
[2024-09-22 19:42:23.154] [info] Bar configured (width: 1360, height: 33) for output: eDP-1
[2024-09-22 19:42:23.175] [info] Bar configured (width: 1361, height: 33) for output: eDP-1
[2024-09-22 19:42:23.458] [info] Bar configured (width: 1360, height: 33) for output: eDP-1
[2024-09-22 19:42:23.499] [info] Bar configured (width: 1347, height: 33) for output: eDP-1
[2024-09-22 19:42:23.574] [info] Bar configured (width: 1346, height: 33) for output: eDP-1
[2024-09-22 19:42:23.591] [info] Bar configured (width: 1345, height: 33) for output: eDP-1
[2024-09-22 19:42:23.608] [info] Bar configured (width: 1344, height: 33) for output: eDP-1
[2024-09-22 19:42:23.624] [info] Bar configured (width: 1343, height: 33) for output: eDP-1
[2024-09-22 19:42:23.641] [info] Bar configured (width: 1342, height: 33) for output: eDP-1
[2024-09-22 19:42:23.658] [info] Bar configured (width: 1341, height: 33) for output: eDP-1
[2024-09-22 19:42:23.675] [info] Bar configured (width: 1340, height: 33) for output: eDP-1
[2024-09-22 19:42:23.692] [info] Bar configured (width: 1339, height: 33) for output: eDP-1
[2024-09-22 19:42:23.710] [info] Bar configured (width: 1338, height: 33) for output: eDP-1
[2024-09-22 19:42:23.741] [info] Bar configured (width: 1337, height: 33) for output: eDP-1
[2024-09-22 19:42:23.808] [info] Bar configured (width: 1336, height: 33) for output: eDP-1
[2024-09-22 19:42:24.023] [info] Bar configured (width: 1360, height: 33) for output: eDP-1
[2024-09-22 19:42:24.041] [info] Bar configured (width: 1361, height: 33) for output: eDP-1
[2024-09-22 19:42:24.324] [info] Bar configured (width: 1360, height: 33) for output: eDP-1
[2024-09-22 19:42:25.404] [info] Bar configured (width: 1396, height: 33) for output: eDP-1
[2024-09-22 19:42:33.725] [info] Bar configured (width: 1397, height: 33) for output: eDP-1
[2024-09-22 19:42:33.896] [info] Bar configured (width: 1398, height: 33) for output: eDP-1
[2024-09-22 19:42:33.908] [info] Bar configured (width: 1399, height: 33) for output: eDP-1
[2024-09-22 19:42:33.924] [info] Bar configured (width: 1400, height: 33) for output: eDP-1
[2024-09-22 19:42:33.958] [info] Bar configured (width: 1401, height: 33) for output: eDP-1
[2024-09-22 19:42:34.008] [info] Bar configured (width: 1400, height: 33) for output: eDP-1
[2024-09-22 19:42:34.041] [info] Bar configured (width: 1399, height: 33) for output: eDP-1
[2024-09-22 19:42:34.074] [info] Bar configured (width: 1398, height: 33) for output: eDP-1
[2024-09-22 19:42:34.108] [info] Bar configured (width: 1397, height: 33) for output: eDP-1
[2024-09-22 19:42:34.124] [info] Bar configured (width: 1398, height: 33) for output: eDP-1
[2024-09-22 19:42:34.141] [info] Bar configured (width: 1397, height: 33) for output: eDP-1
[2024-09-22 19:42:34.208] [info] Bar configured (width: 1396, height: 33) for output: eDP-1
[2024-09-22 19:42:34.241] [info] Bar configured (width: 1397, height: 33) for output: eDP-1
[2024-09-22 19:42:34.541] [info] Bar configured (width: 1396, height: 33) for output: eDP-1
[2024-09-22 19:43:07.091] [info] Bar configured (width: 1397, height: 33) for output: eDP-1
[2024-09-22 19:43:07.277] [info] Bar configured (width: 1398, height: 33) for output: eDP-1
[2024-09-22 19:43:07.608] [info] Bar configured (width: 1396, height: 33) for output: eDP-1
[2024-09-22 19:43:07.874] [info] Bar configured (width: 1397, height: 33) for output: eDP-1
[2024-09-22 19:43:08.157] [info] Bar configured (width: 1396, height: 33) for output: eDP-1
[2024-09-22 19:43:08.242] [info] Bar configured (width: 1397, height: 33) for output: eDP-1
[2024-09-22 19:43:08.540] [info] Bar configured (width: 1396, height: 33) for output: eDP-1
[2024-09-22 19:43:08.591] [info] Bar configured (width: 1397, height: 33) for output: eDP-1
[2024-09-22 19:43:08.890] [info] Bar configured (width: 1396, height: 33) for output: eDP-1
[2024-09-22 19:43:08.958] [info] Bar configured (width: 1397, height: 33) for output: eDP-1
[2024-09-22 19:43:09.257] [info] Bar configured (width: 1396, height: 33) for output: eDP-1
[2024-09-22 19:43:12.442] [info] Bar configured (width: 1397, height: 33) for output: eDP-1
[2024-09-22 19:43:12.724] [info] Bar configured (width: 1396, height: 33) for output: eDP-1
[2024-09-22 19:43:12.911] [info] Bar configured (width: 1397, height: 33) for output: eDP-1
[2024-09-22 19:43:13.190] [info] Bar configured (width: 1396, height: 33) for output: eDP-1
[2024-09-22 19:43:13.576] [info] Bar configured (width: 1397, height: 33) for output: eDP-1
[2024-09-22 19:43:13.857] [info] Bar configured (width: 1396, height: 33) for output: eDP-1
[2024-09-22 19:43:18.795] [info] Bar configured (width: 1397, height: 33) for output: eDP-1
[2024-09-22 19:43:19.073] [info] Bar configured (width: 1396, height: 33) for output: eDP-1
[2024-09-22 19:43:19.741] [info] Bar configured (width: 1397, height: 33) for output: eDP-1
[2024-09-22 19:43:20.023] [info] Bar configured (width: 1396, height: 33) for output: eDP-1
[2024-09-22 19:43:20.091] [info] Bar configured (width: 1397, height: 33) for output: eDP-1
[2024-09-22 19:43:20.375] [info] Bar configured (width: 1396, height: 33) for output: eDP-1
[2024-09-22 19:43:20.575] [info] Bar configured (width: 1397, height: 33) for output: eDP-1
[2024-09-22 19:43:20.857] [info] Bar configured (width: 1396, height: 33) for output: eDP-1
[2024-09-22 19:43:20.913] [info] Bar configured (width: 1397, height: 33) for output: eDP-1
[2024-09-22 19:43:21.191] [info] Bar configured (width: 1396, height: 33) for output: eDP-1
[2024-09-22 19:43:22.409] [info] Bar configured (width: 1368, height: 33) for output: eDP-1
[2024-09-22 19:43:22.433] [info] Bar configured (width: 1360, height: 33) for output: eDP-1
[2024-09-22 19:43:23.317] [info] Bar configured (width: 1347, height: 33) for output: eDP-1
[2024-09-22 19:43:23.391] [info] Bar configured (width: 1346, height: 33) for output: eDP-1
[2024-09-22 19:43:23.411] [info] Bar configured (width: 1345, height: 33) for output: eDP-1
[2024-09-22 19:43:23.426] [info] Bar configured (width: 1344, height: 33) for output: eDP-1
[2024-09-22 19:43:23.445] [info] Bar configured (width: 1343, height: 33) for output: eDP-1
[2024-09-22 19:43:23.458] [info] Bar configured (width: 1342, height: 33) for output: eDP-1
[2024-09-22 19:43:23.477] [info] Bar configured (width: 1341, height: 33) for output: eDP-1
[2024-09-22 19:43:23.491] [info] Bar configured (width: 1340, height: 33) for output: eDP-1
[2024-09-22 19:43:23.509] [info] Bar configured (width: 1339, height: 33) for output: eDP-1
[2024-09-22 19:43:23.524] [info] Bar configured (width: 1338, height: 33) for output: eDP-1
[2024-09-22 19:43:23.557] [info] Bar configured (width: 1337, height: 33) for output: eDP-1
[2024-09-22 19:43:23.624] [info] Bar configured (width: 1336, height: 33) for output: eDP-1
[2024-09-22 19:43:27.966] [info] Bar configured (width: 1368, height: 33) for output: eDP-1
[2024-09-22 19:43:28.025] [info] Bar configured (width: 1369, height: 33) for output: eDP-1
[2024-09-22 19:43:28.274] [info] Bar configured (width: 1368, height: 33) for output: eDP-1
[2024-09-22 19:43:55.695] [info] Bar configured (width: 1326, height: 33) for output: eDP-1
[2024-09-22 19:44:00.348] [info] Bar configured (width: 1368, height: 33) for output: eDP-1
[2024-09-22 19:44:19.373] [info] Bar configured (width: 1369, height: 33) for output: eDP-1
[2024-09-22 19:44:19.672] [info] Bar configured (width: 1368, height: 33) for output: eDP-1
[2024-09-22 19:44:19.707] [info] Bar configured (width: 1369, height: 33) for output: eDP-1
[2024-09-22 19:44:20.006] [info] Bar configured (width: 1368, height: 33) for output: eDP-1
[2024-09-22 19:44:20.663] [info] Bar configured (width: 1379, height: 33) for output: eDP-1
[2024-09-22 19:44:20.723] [info] Bar configured (width: 1378, height: 33) for output: eDP-1
[2024-09-22 19:44:20.756] [info] Bar configured (width: 1377, height: 33) for output: eDP-1
[2024-09-22 19:44:20.773] [info] Bar configured (width: 1376, height: 33) for output: eDP-1
[2024-09-22 19:44:20.789] [info] Bar configured (width: 1375, height: 33) for output: eDP-1
[2024-09-22 19:44:20.806] [info] Bar configured (width: 1374, height: 33) for output: eDP-1
[2024-09-22 19:44:20.823] [info] Bar configured (width: 1373, height: 33) for output: eDP-1
[2024-09-22 19:44:20.840] [info] Bar configured (width: 1372, height: 33) for output: eDP-1
[2024-09-22 19:44:20.856] [info] Bar configured (width: 1371, height: 33) for output: eDP-1
[2024-09-22 19:44:20.872] [info] Bar configured (width: 1370, height: 33) for output: eDP-1
[2024-09-22 19:44:20.906] [info] Bar configured (width: 1369, height: 33) for output: eDP-1
[2024-09-22 19:44:20.972] [info] Bar configured (width: 1368, height: 33) for output: eDP-1
[2024-09-22 19:44:21.672] [info] Bar configured (width: 1369, height: 33) for output: eDP-1
[2024-09-22 19:44:21.972] [info] Bar configured (width: 1368, height: 33) for output: eDP-1
[2024-09-22 19:44:22.089] [info] Bar configured (width: 1369, height: 33) for output: eDP-1
[2024-09-22 19:44:22.312] [info] Bar configured (width: 1370, height: 33) for output: eDP-1
[2024-09-22 19:44:22.755] [info] Bar configured (width: 1368, height: 33) for output: eDP-1
[2024-09-22 19:44:28.072] [info] Bar configured (width: 1369, height: 33) for output: eDP-1
[2024-09-22 19:44:28.473] [info] Bar configured (width: 1368, height: 33) for output: eDP-1
[2024-09-22 19:44:28.956] [info] Bar configured (width: 1369, height: 33) for output: eDP-1
[2024-09-22 19:44:29.239] [info] Bar configured (width: 1368, height: 33) for output: eDP-1
[2024-09-22 19:44:29.989] [info] Bar configured (width: 1369, height: 33) for output: eDP-1
[2024-09-22 19:44:30.590] [info] Bar configured (width: 1368, height: 33) for output: eDP-1
[2024-09-22 19:45:45.721] [info] Bar configured (width: 1369, height: 33) for output: eDP-1
[2024-09-22 19:45:46.005] [info] Bar configured (width: 1368, height: 33) for output: eDP-1
[2024-09-22 19:45:46.271] [info] Bar configured (width: 1369, height: 33) for output: eDP-1
[2024-09-22 19:45:46.571] [info] Bar configured (width: 1368, height: 33) for output: eDP-1
[2024-09-22 19:45:46.638] [info] Bar configured (width: 1369, height: 33) for output: eDP-1
[2024-09-22 19:45:46.938] [info] Bar configured (width: 1368, height: 33) for output: eDP-1
[2024-09-22 19:45:46.971] [info] Bar configured (width: 1369, height: 33) for output: eDP-1
[2024-09-22 19:45:47.377] [info] Bar configured (width: 1370, height: 33) for output: eDP-1
[2024-09-22 19:45:47.405] [info] Bar configured (width: 1371, height: 33) for output: eDP-1
[2024-09-22 19:45:47.421] [info] Bar configured (width: 1373, height: 33) for output: eDP-1
[2024-09-22 19:45:47.438] [info] Bar configured (width: 1372, height: 33) for output: eDP-1
[2024-09-22 19:45:47.488] [info] Bar configured (width: 1371, height: 33) for output: eDP-1
[2024-09-22 19:45:47.554] [info] Bar configured (width: 1370, height: 33) for output: eDP-1
[2024-09-22 19:45:47.605] [info] Bar configured (width: 1371, height: 33) for output: eDP-1
[2024-09-22 19:45:47.638] [info] Bar configured (width: 1372, height: 33) for output: eDP-1
[2024-09-22 19:45:47.654] [info] Bar configured (width: 1371, height: 33) for output: eDP-1
[2024-09-22 19:45:47.738] [info] Bar configured (width: 1370, height: 33) for output: eDP-1
[2024-09-22 19:45:47.791] [info] Bar configured (width: 1371, height: 33) for output: eDP-1
[2024-09-22 19:45:47.821] [info] Bar configured (width: 1372, height: 33) for output: eDP-1
[2024-09-22 19:45:47.906] [info] Bar configured (width: 1371, height: 33) for output: eDP-1
[2024-09-22 19:45:47.947] [info] Bar configured (width: 1372, height: 33) for output: eDP-1
[2024-09-22 19:45:47.972] [info] Bar configured (width: 1373, height: 33) for output: eDP-1
[2024-09-22 19:45:47.988] [info] Bar configured (width: 1374, height: 33) for output: eDP-1
[2024-09-22 19:45:48.004] [info] Bar configured (width: 1373, height: 33) for output: eDP-1
[2024-09-22 19:45:48.021] [info] Bar configured (width: 1374, height: 33) for output: eDP-1
[2024-09-22 19:45:48.054] [info] Bar configured (width: 1373, height: 33) for output: eDP-1
[2024-09-22 19:45:48.088] [info] Bar configured (width: 1372, height: 33) for output: eDP-1
[2024-09-22 19:45:48.110] [info] Bar configured (width: 1373, height: 33) for output: eDP-1
[2024-09-22 19:45:48.155] [info] Bar configured (width: 1374, height: 33) for output: eDP-1
[2024-09-22 19:45:48.205] [info] Bar configured (width: 1373, height: 33) for output: eDP-1
[2024-09-22 19:45:48.360] [info] Bar configured (width: 1369, height: 33) for output: eDP-1
[2024-09-22 19:45:48.421] [info] Bar configured (width: 1368, height: 33) for output: eDP-1
[2024-09-22 19:45:48.538] [info] Bar configured (width: 1369, height: 33) for output: eDP-1
[2024-09-22 19:45:48.838] [info] Bar configured (width: 1368, height: 33) for output: eDP-1
[2024-09-22 19:46:01.941] [info] Bar configured (width: 1369, height: 33) for output: eDP-1
[2024-09-22 19:46:02.224] [info] Bar configured (width: 1368, height: 33) for output: eDP-1
[2024-09-22 19:46:13.405] [info] Bar configured (width: 1369, height: 33) for output: eDP-1
[2024-09-22 19:46:13.591] [info] Bar configured (width: 1370, height: 33) for output: eDP-1
[2024-09-22 19:46:13.605] [info] Bar configured (width: 1371, height: 33) for output: eDP-1
[2024-09-22 19:46:13.621] [info] Bar configured (width: 1372, height: 33) for output: eDP-1
[2024-09-22 19:46:13.654] [info] Bar configured (width: 1371, height: 33) for output: eDP-1
[2024-09-22 19:46:13.672] [info] Bar configured (width: 1372, height: 33) for output: eDP-1
[2024-09-22 19:46:13.688] [info] Bar configured (width: 1371, height: 33) for output: eDP-1
[2024-09-22 19:46:13.754] [info] Bar configured (width: 1370, height: 33) for output: eDP-1
[2024-09-22 19:46:13.804] [info] Bar configured (width: 1369, height: 33) for output: eDP-1
[2024-09-22 19:46:13.820] [info] Bar configured (width: 1370, height: 33) for output: eDP-1
[2024-09-22 19:46:13.837] [info] Bar configured (width: 1369, height: 33) for output: eDP-1
[2024-09-22 19:46:13.889] [info] Bar configured (width: 1368, height: 33) for output: eDP-1
[2024-09-22 19:46:14.438] [info] Bar configured (width: 1369, height: 33) for output: eDP-1
[2024-09-22 19:46:14.721] [info] Bar configured (width: 1368, height: 33) for output: eDP-1
[2024-09-22 19:46:15.121] [info] Bar configured (width: 1369, height: 33) for output: eDP-1
[2024-09-22 19:46:15.404] [info] Bar configured (width: 1368, height: 33) for output: eDP-1
[2024-09-22 19:46:15.821] [info] Bar configured (width: 1369, height: 33) for output: eDP-1
[2024-09-22 19:46:16.042] [info] Bar configured (width: 1370, height: 33) for output: eDP-1
[2024-09-22 19:46:16.087] [info] Bar configured (width: 1371, height: 33) for output: eDP-1
[2024-09-22 19:46:16.104] [info] Bar configured (width: 1370, height: 33) for output: eDP-1
[2024-09-22 19:46:16.121] [info] Bar configured (width: 1371, height: 33) for output: eDP-1
[2024-09-22 19:46:16.137] [info] Bar configured (width: 1370, height: 33) for output: eDP-1
[2024-09-22 19:46:16.237] [info] Bar configured (width: 1369, height: 33) for output: eDP-1
[2024-09-22 19:46:16.270] [info] Bar configured (width: 1370, height: 33) for output: eDP-1
[2024-09-22 19:46:16.287] [info] Bar configured (width: 1369, height: 33) for output: eDP-1
[2024-09-22 19:46:16.354] [info] Bar configured (width: 1368, height: 33) for output: eDP-1
[2024-09-22 19:46:16.554] [info] Bar configured (width: 1369, height: 33) for output: eDP-1
[2024-09-22 19:46:16.838] [info] Bar configured (width: 1368, height: 33) for output: eDP-1
[2024-09-22 19:46:22.437] [info] Bar configured (width: 1369, height: 33) for output: eDP-1
[2024-09-22 19:46:22.721] [info] Bar configured (width: 1368, height: 33) for output: eDP-1
[2024-09-22 19:46:26.619] [info] Bar configured (width: 1340, height: 33) for output: eDP-1
[2024-09-22 19:46:27.387] [info] Bar configured (width: 1341, height: 33) for output: eDP-1
[2024-09-22 19:46:27.577] [info] Bar configured (width: 1342, height: 33) for output: eDP-1
[2024-09-22 19:46:27.671] [info] Bar configured (width: 1344, height: 33) for output: eDP-1
[2024-09-22 19:46:27.687] [info] Bar configured (width: 1343, height: 33) for output: eDP-1
[2024-09-22 19:46:27.756] [info] Bar configured (width: 1344, height: 33) for output: eDP-1
[2024-09-22 19:46:27.777] [info] Bar configured (width: 1345, height: 33) for output: eDP-1
[2024-09-22 19:46:27.805] [info] Bar configured (width: 1346, height: 33) for output: eDP-1
[2024-09-22 19:46:27.839] [info] Bar configured (width: 1345, height: 33) for output: eDP-1
[2024-09-22 19:46:27.872] [info] Bar configured (width: 1344, height: 33) for output: eDP-1
[2024-09-22 19:46:27.905] [info] Bar configured (width: 1343, height: 33) for output: eDP-1
[2024-09-22 19:46:27.938] [info] Bar configured (width: 1342, height: 33) for output: eDP-1
[2024-09-22 19:46:27.987] [info] Bar configured (width: 1341, height: 33) for output: eDP-1
[2024-09-22 19:46:28.054] [info] Bar configured (width: 1340, height: 33) for output: eDP-1
[2024-09-22 19:46:28.154] [info] Bar configured (width: 1341, height: 33) for output: eDP-1
[2024-09-22 19:46:28.454] [info] Bar configured (width: 1340, height: 33) for output: eDP-1
[2024-09-22 19:46:28.538] [info] Bar configured (width: 1341, height: 33) for output: eDP-1
[2024-09-22 19:46:28.820] [info] Bar configured (width: 1340, height: 33) for output: eDP-1
[2024-09-22 19:46:28.971] [info] Bar configured (width: 1341, height: 33) for output: eDP-1
[2024-09-22 19:46:29.270] [info] Bar configured (width: 1340, height: 33) for output: eDP-1
[2024-09-22 19:46:29.471] [info] Bar configured (width: 1341, height: 33) for output: eDP-1
[2024-09-22 19:46:29.771] [info] Bar configured (width: 1340, height: 33) for output: eDP-1
[2024-09-22 19:46:58.837] [info] Bar configured (width: 1341, height: 33) for output: eDP-1
[2024-09-22 19:46:59.137] [info] Bar configured (width: 1340, height: 33) for output: eDP-1
[2024-09-22 19:47:00.038] [info] Bar configured (width: 1341, height: 33) for output: eDP-1
[2024-09-22 19:47:00.337] [info] Bar configured (width: 1340, height: 33) for output: eDP-1
[2024-09-22 19:47:18.355] [info] Bar configured (width: 1298, height: 33) for output: eDP-1
[2024-09-22 19:47:22.567] [info] Bar configured (width: 1340, height: 33) for output: eDP-1
[2024-09-22 19:47:27.588] [info] Bar configured (width: 1341, height: 33) for output: eDP-1
[2024-09-22 19:47:27.813] [info] Bar configured (width: 1342, height: 33) for output: eDP-1
[2024-09-22 19:47:27.855] [info] Bar configured (width: 1343, height: 33) for output: eDP-1
[2024-09-22 19:47:27.870] [info] Bar configured (width: 1342, height: 33) for output: eDP-1
[2024-09-22 19:47:27.887] [info] Bar configured (width: 1343, height: 33) for output: eDP-1
[2024-09-22 19:47:27.903] [info] Bar configured (width: 1342, height: 33) for output: eDP-1
[2024-09-22 19:47:27.987] [info] Bar configured (width: 1341, height: 33) for output: eDP-1
[2024-09-22 19:47:28.119] [info] Bar configured (width: 1340, height: 33) for output: eDP-1
[2024-09-22 19:47:28.453] [info] Bar configured (width: 1341, height: 33) for output: eDP-1
[2024-09-22 19:47:28.752] [info] Bar configured (width: 1340, height: 33) for output: eDP-1
[2024-09-22 19:47:29.004] [info] Bar configured (width: 1341, height: 33) for output: eDP-1
[2024-09-22 19:47:29.303] [info] Bar configured (width: 1340, height: 33) for output: eDP-1
[2024-09-22 19:47:29.420] [info] Bar configured (width: 1341, height: 33) for output: eDP-1
[2024-09-22 19:47:29.703] [info] Bar configured (width: 1340, height: 33) for output: eDP-1
[2024-09-22 19:47:29.953] [info] Bar configured (width: 1341, height: 33) for output: eDP-1
[2024-09-22 19:47:30.252] [info] Bar configured (width: 1340, height: 33) for output: eDP-1
[2024-09-22 19:47:37.736] [info] Bar configured (width: 1341, height: 33) for output: eDP-1
[2024-09-22 19:47:38.019] [info] Bar configured (width: 1340, height: 33) for output: eDP-1
[2024-09-22 19:48:09.856] [info] Bar configured (width: 1341, height: 33) for output: eDP-1
[2024-09-22 19:48:10.135] [info] Bar configured (width: 1340, height: 33) for output: eDP-1
[2024-09-22 19:48:10.435] [info] Bar configured (width: 1341, height: 33) for output: eDP-1
[2024-09-22 19:48:10.735] [info] Bar configured (width: 1340, height: 33) for output: eDP-1
[2024-09-22 19:48:10.819] [info] Bar configured (width: 1341, height: 33) for output: eDP-1
[2024-09-22 19:48:11.036] [info] Bar configured (width: 1299, height: 33) for output: eDP-1
[2024-09-22 19:48:11.102] [info] Bar configured (width: 1298, height: 33) for output: eDP-1
[2024-09-22 19:48:11.185] [info] Bar configured (width: 1299, height: 33) for output: eDP-1
[2024-09-22 19:48:11.485] [info] Bar configured (width: 1298, height: 33) for output: eDP-1
[2024-09-22 19:48:11.653] [info] Bar configured (width: 1299, height: 33) for output: eDP-1
[2024-09-22 19:48:11.935] [info] Bar configured (width: 1298, height: 33) for output: eDP-1
[2024-09-22 19:48:14.488] [info] Bar configured (width: 1326, height: 33) for output: eDP-1
[2024-09-22 19:48:16.664] [info] Bar configured (width: 1298, height: 33) for output: eDP-1
[2024-09-22 19:48:19.802] [info] Bar configured (width: 1299, height: 33) for output: eDP-1
[2024-09-22 19:48:20.085] [info] Bar configured (width: 1298, height: 33) for output: eDP-1
[2024-09-22 19:48:22.569] [info] Bar configured (width: 1299, height: 33) for output: eDP-1
[2024-09-22 19:48:23.185] [info] Bar configured (width: 1298, height: 33) for output: eDP-1
[2024-09-22 19:48:23.532] [info] Bar configured (width: 1299, height: 33) for output: eDP-1
[2024-09-22 19:48:24.102] [info] Bar configured (width: 1298, height: 33) for output: eDP-1
[2024-09-22 19:48:24.169] [info] Bar configured (width: 1299, height: 33) for output: eDP-1
[2024-09-22 19:48:24.468] [info] Bar configured (width: 1298, height: 33) for output: eDP-1
[2024-09-22 19:48:24.686] [info] Bar configured (width: 1299, height: 33) for output: eDP-1
[2024-09-22 19:48:24.985] [info] Bar configured (width: 1298, height: 33) for output: eDP-1
[2024-09-22 19:48:25.869] [info] Bar configured (width: 1299, height: 33) for output: eDP-1
[2024-09-22 19:48:26.094] [info] Bar configured (width: 1300, height: 33) for output: eDP-1
[2024-09-22 19:48:26.103] [info] Bar configured (width: 1301, height: 33) for output: eDP-1
[2024-09-22 19:48:26.202] [info] Bar configured (width: 1300, height: 33) for output: eDP-1
[2024-09-22 19:48:26.287] [info] Bar configured (width: 1299, height: 33) for output: eDP-1
[2024-09-22 19:48:26.302] [info] Bar configured (width: 1300, height: 33) for output: eDP-1
[2024-09-22 19:48:26.319] [info] Bar configured (width: 1301, height: 33) for output: eDP-1
[2024-09-22 19:48:26.435] [info] Bar configured (width: 1300, height: 33) for output: eDP-1
[2024-09-22 19:48:26.508] [info] Bar configured (width: 1301, height: 33) for output: eDP-1
[2024-09-22 19:48:26.537] [info] Bar configured (width: 1302, height: 33) for output: eDP-1
[2024-09-22 19:48:26.619] [info] Bar configured (width: 1301, height: 33) for output: eDP-1
[2024-09-22 19:48:26.668] [info] Bar configured (width: 1300, height: 33) for output: eDP-1
[2024-09-22 19:48:26.735] [info] Bar configured (width: 1301, height: 33) for output: eDP-1
[2024-09-22 19:48:26.768] [info] Bar configured (width: 1302, height: 33) for output: eDP-1
[2024-09-22 19:48:26.785] [info] Bar configured (width: 1301, height: 33) for output: eDP-1
[2024-09-22 19:48:26.802] [info] Bar configured (width: 1302, height: 33) for output: eDP-1
[2024-09-22 19:48:26.818] [info] Bar configured (width: 1301, height: 33) for output: eDP-1
[2024-09-22 19:48:26.868] [info] Bar configured (width: 1300, height: 33) for output: eDP-1
[2024-09-22 19:48:26.952] [info] Bar configured (width: 1301, height: 33) for output: eDP-1
[2024-09-22 19:48:26.985] [info] Bar configured (width: 1302, height: 33) for output: eDP-1
[2024-09-22 19:48:27.002] [info] Bar configured (width: 1301, height: 33) for output: eDP-1
[2024-09-22 19:48:27.069] [info] Bar configured (width: 1300, height: 33) for output: eDP-1
[2024-09-22 19:48:27.152] [info] Bar configured (width: 1299, height: 33) for output: eDP-1
[2024-09-22 19:48:27.168] [info] Bar configured (width: 1300, height: 33) for output: eDP-1
[2024-09-22 19:48:27.185] [info] Bar configured (width: 1299, height: 33) for output: eDP-1
[2024-09-22 19:48:27.252] [info] Bar configured (width: 1298, height: 33) for output: eDP-1
[2024-09-22 19:48:27.435] [info] Bar configured (width: 1299, height: 33) for output: eDP-1
[2024-09-22 19:48:27.735] [info] Bar configured (width: 1298, height: 33) for output: eDP-1
[2024-09-22 19:48:28.385] [info] Bar configured (width: 1299, height: 33) for output: eDP-1
[2024-09-22 19:48:28.685] [info] Bar configured (width: 1298, height: 33) for output: eDP-1
[2024-09-22 19:48:29.202] [info] Bar configured (width: 1299, height: 33) for output: eDP-1
[2024-09-22 19:48:29.501] [info] Bar configured (width: 1298, height: 33) for output: eDP-1
[2024-09-22 19:48:31.352] [info] Bar configured (width: 1299, height: 33) for output: eDP-1
[2024-09-22 19:48:31.635] [info] Bar configured (width: 1298, height: 33) for output: eDP-1
[2024-09-22 19:48:32.085] [info] Bar configured (width: 1299, height: 33) for output: eDP-1
[2024-09-22 19:48:32.385] [info] Bar configured (width: 1298, height: 33) for output: eDP-1
[2024-09-22 19:48:32.503] [info] Bar configured (width: 1299, height: 33) for output: eDP-1
[2024-09-22 19:48:32.785] [info] Bar configured (width: 1298, height: 33) for output: eDP-1
[2024-09-22 19:48:32.869] [info] Bar configured (width: 1299, height: 33) for output: eDP-1
[2024-09-22 19:48:33.235] [info] Bar configured (width: 1298, height: 33) for output: eDP-1
[2024-09-22 19:48:33.658] [info] Bar configured (width: 1280, height: 33) for output: eDP-1
[2024-09-22 19:49:55.532] [info] Bar configured (width: 1298, height: 33) for output: eDP-1
[2024-09-22 19:50:08.201] [info] Bar configured (width: 1299, height: 33) for output: eDP-1
[2024-09-22 19:50:08.407] [info] Bar configured (width: 1300, height: 33) for output: eDP-1
[2024-09-22 19:50:08.434] [info] Bar configured (width: 1301, height: 33) for output: eDP-1
[2024-09-22 19:50:08.450] [info] Bar configured (width: 1302, height: 33) for output: eDP-1
[2024-09-22 19:50:08.467] [info] Bar configured (width: 1301, height: 33) for output: eDP-1
[2024-09-22 19:50:08.533] [info] Bar configured (width: 1300, height: 33) for output: eDP-1
[2024-09-22 19:50:08.617] [info] Bar configured (width: 1299, height: 33) for output: eDP-1
[2024-09-22 19:50:08.633] [info] Bar configured (width: 1300, height: 33) for output: eDP-1
[2024-09-22 19:50:08.650] [info] Bar configured (width: 1299, height: 33) for output: eDP-1
[2024-09-22 19:50:08.716] [info] Bar configured (width: 1298, height: 33) for output: eDP-1
[2024-09-22 19:50:09.037] [info] Bar configured (width: 1322, height: 33) for output: eDP-1
[2024-09-22 19:50:09.050] [info] Bar configured (width: 1323, height: 33) for output: eDP-1
[2024-09-22 19:50:09.350] [info] Bar configured (width: 1322, height: 33) for output: eDP-1
[2024-09-22 19:50:09.458] [info] Bar configured (width: 1309, height: 33) for output: eDP-1
[2024-09-22 19:50:09.534] [info] Bar configured (width: 1308, height: 33) for output: eDP-1
[2024-09-22 19:50:09.550] [info] Bar configured (width: 1307, height: 33) for output: eDP-1
[2024-09-22 19:50:09.567] [info] Bar configured (width: 1306, height: 33) for output: eDP-1
[2024-09-22 19:50:09.583] [info] Bar configured (width: 1305, height: 33) for output: eDP-1
[2024-09-22 19:50:09.600] [info] Bar configured (width: 1304, height: 33) for output: eDP-1
[2024-09-22 19:50:09.617] [info] Bar configured (width: 1303, height: 33) for output: eDP-1
[2024-09-22 19:50:09.633] [info] Bar configured (width: 1302, height: 33) for output: eDP-1
[2024-09-22 19:50:09.650] [info] Bar configured (width: 1301, height: 33) for output: eDP-1
[2024-09-22 19:50:09.667] [info] Bar configured (width: 1300, height: 33) for output: eDP-1
[2024-09-22 19:50:09.768] [info] Bar configured (width: 1301, height: 33) for output: eDP-1
[2024-09-22 19:50:09.784] [info] Bar configured (width: 1300, height: 33) for output: eDP-1
[2024-09-22 19:50:09.834] [info] Bar configured (width: 1299, height: 33) for output: eDP-1
[2024-09-22 19:50:10.917] [info] Bar configured (width: 1298, height: 33) for output: eDP-1
[2024-09-22 19:50:11.000] [info] Bar configured (width: 1299, height: 33) for output: eDP-1
[2024-09-22 19:50:11.300] [info] Bar configured (width: 1298, height: 33) for output: eDP-1
[2024-09-22 19:50:21.877] [info] Bar configured (width: 1301, height: 33) for output: eDP-1
[2024-09-22 19:50:32.543] [info] Bar configured (width: 1298, height: 33) for output: eDP-1
[2024-09-22 19:50:32.927] [info] Bar configured (width: 1301, height: 33) for output: eDP-1
[2024-09-22 19:50:33.066] [info] Bar configured (width: 1298, height: 33) for output: eDP-1
[2024-09-22 19:50:36.001] [info] Bar configured (width: 1299, height: 33) for output: eDP-1
[2024-09-22 19:50:36.283] [info] Bar configured (width: 1298, height: 33) for output: eDP-1
[2024-09-22 19:50:36.433] [info] Bar configured (width: 1299, height: 33) for output: eDP-1
[2024-09-22 19:50:36.733] [info] Bar configured (width: 1298, height: 33) for output: eDP-1
[2024-09-22 19:50:36.933] [info] Bar configured (width: 1299, height: 33) for output: eDP-1
[2024-09-22 19:50:37.233] [info] Bar configured (width: 1298, height: 33) for output: eDP-1
[2024-09-22 19:50:37.684] [info] Bar configured (width: 1299, height: 33) for output: eDP-1
[2024-09-22 19:50:37.983] [info] Bar configured (width: 1298, height: 33) for output: eDP-1
[2024-09-22 19:50:38.450] [info] Bar configured (width: 1299, height: 33) for output: eDP-1
[2024-09-22 19:50:38.749] [info] Bar configured (width: 1298, height: 33) for output: eDP-1
[2024-09-22 19:50:39.050] [info] Bar configured (width: 1299, height: 33) for output: eDP-1
[2024-09-22 19:50:39.333] [info] Bar configured (width: 1298, height: 33) for output: eDP-1
[2024-09-22 19:50:39.518] [info] Bar configured (width: 1299, height: 33) for output: eDP-1
[2024-09-22 19:50:39.799] [info] Bar configured (width: 1298, height: 33) for output: eDP-1
[2024-09-22 19:50:39.933] [info] Bar configured (width: 1299, height: 33) for output: eDP-1
[2024-09-22 19:50:40.233] [info] Bar configured (width: 1298, height: 33) for output: eDP-1
[2024-09-22 19:50:41.067] [info] Bar configured (width: 1299, height: 33) for output: eDP-1
[2024-09-22 19:50:41.366] [info] Bar configured (width: 1298, height: 33) for output: eDP-1
[2024-09-22 19:50:41.417] [info] Bar configured (width: 1299, height: 33) for output: eDP-1
[2024-09-22 19:50:41.718] [info] Bar configured (width: 1298, height: 33) for output: eDP-1
[2024-09-22 19:50:41.750] [info] Bar configured (width: 1299, height: 33) for output: eDP-1
[2024-09-22 19:50:42.033] [info] Bar configured (width: 1298, height: 33) for output: eDP-1
[2024-09-22 19:50:42.118] [info] Bar configured (width: 1299, height: 33) for output: eDP-1
[2024-09-22 19:50:42.416] [info] Bar configured (width: 1298, height: 33) for output: eDP-1
[2024-09-22 19:50:42.667] [info] Bar configured (width: 1299, height: 33) for output: eDP-1
[2024-09-22 19:50:42.966] [info] Bar configured (width: 1298, height: 33) for output: eDP-1
[2024-09-22 19:50:45.184] [info] Bar configured (width: 1299, height: 33) for output: eDP-1
[2024-09-22 19:50:45.375] [info] Bar configured (width: 1300, height: 33) for output: eDP-1
[2024-09-22 19:50:45.400] [info] Bar configured (width: 1301, height: 33) for output: eDP-1
[2024-09-22 19:50:45.416] [info] Bar configured (width: 1303, height: 33) for output: eDP-1
[2024-09-22 19:50:45.450] [info] Bar configured (width: 1302, height: 33) for output: eDP-1
[2024-09-22 19:50:45.483] [info] Bar configured (width: 1301, height: 33) for output: eDP-1
[2024-09-22 19:50:45.550] [info] Bar configured (width: 1302, height: 33) for output: eDP-1
[2024-09-22 19:50:45.567] [info] Bar configured (width: 1303, height: 33) for output: eDP-1
[2024-09-22 19:50:45.583] [info] Bar configured (width: 1304, height: 33) for output: eDP-1
[2024-09-22 19:50:45.633] [info] Bar configured (width: 1303, height: 33) for output: eDP-1
[2024-09-22 19:50:45.667] [info] Bar configured (width: 1302, height: 33) for output: eDP-1
[2024-09-22 19:50:45.700] [info] Bar configured (width: 1301, height: 33) for output: eDP-1
[2024-09-22 19:50:45.734] [info] Bar configured (width: 1300, height: 33) for output: eDP-1
[2024-09-22 19:50:45.783] [info] Bar configured (width: 1299, height: 33) for output: eDP-1
[2024-09-22 19:50:45.850] [info] Bar configured (width: 1298, height: 33) for output: eDP-1
[2024-09-22 19:50:46.052] [info] Bar configured (width: 1299, height: 33) for output: eDP-1
[2024-09-22 19:50:46.283] [info] Bar configured (width: 1300, height: 33) for output: eDP-1
[2024-09-22 19:50:46.304] [info] Bar configured (width: 1301, height: 33) for output: eDP-1
[2024-09-22 19:50:46.335] [info] Bar configured (width: 1300, height: 33) for output: eDP-1
[2024-09-22 19:50:46.351] [info] Bar configured (width: 1301, height: 33) for output: eDP-1
[2024-09-22 19:50:46.368] [info] Bar configured (width: 1300, height: 33) for output: eDP-1
[2024-09-22 19:50:46.467] [info] Bar configured (width: 1299, height: 33) for output: eDP-1
[2024-09-22 19:50:46.501] [info] Bar configured (width: 1300, height: 33) for output: eDP-1
[2024-09-22 19:50:46.517] [info] Bar configured (width: 1299, height: 33) for output: eDP-1
[2024-09-22 19:50:46.584] [info] Bar configured (width: 1298, height: 33) for output: eDP-1
[2024-09-22 19:51:12.432] [info] Bar configured (width: 1299, height: 33) for output: eDP-1
[2024-09-22 19:51:12.750] [info] Bar configured (width: 1300, height: 33) for output: eDP-1
[2024-09-22 19:51:12.849] [info] Bar configured (width: 1299, height: 33) for output: eDP-1
[2024-09-22 19:51:13.016] [info] Bar configured (width: 1298, height: 33) for output: eDP-1
[2024-09-22 19:51:13.183] [info] Bar configured (width: 1299, height: 33) for output: eDP-1
[2024-09-22 19:51:13.482] [info] Bar configured (width: 1298, height: 33) for output: eDP-1
[2024-09-22 19:51:13.683] [info] Bar configured (width: 1299, height: 33) for output: eDP-1
[2024-09-22 19:51:13.982] [info] Bar configured (width: 1298, height: 33) for output: eDP-1
[2024-09-22 19:51:14.133] [info] Bar configured (width: 1299, height: 33) for output: eDP-1
[2024-09-22 19:51:14.415] [info] Bar configured (width: 1298, height: 33) for output: eDP-1
[2024-09-22 19:51:14.584] [info] Bar configured (width: 1322, height: 33) for output: eDP-1
[2024-09-22 19:51:14.599] [info] Bar configured (width: 1323, height: 33) for output: eDP-1
[2024-09-22 19:51:14.882] [info] Bar configured (width: 1322, height: 33) for output: eDP-1
[2024-09-22 19:51:15.021] [info] Bar configured (width: 1309, height: 33) for output: eDP-1
[2024-09-22 19:51:15.082] [info] Bar configured (width: 1308, height: 33) for output: eDP-1
[2024-09-22 19:51:15.116] [info] Bar configured (width: 1307, height: 33) for output: eDP-1
[2024-09-22 19:51:15.132] [info] Bar configured (width: 1306, height: 33) for output: eDP-1
[2024-09-22 19:51:15.149] [info] Bar configured (width: 1305, height: 33) for output: eDP-1
[2024-09-22 19:51:15.166] [info] Bar configured (width: 1304, height: 33) for output: eDP-1
[2024-09-22 19:51:15.182] [info] Bar configured (width: 1303, height: 33) for output: eDP-1
[2024-09-22 19:51:15.199] [info] Bar configured (width: 1302, height: 33) for output: eDP-1
[2024-09-22 19:51:15.215] [info] Bar configured (width: 1301, height: 33) for output: eDP-1
[2024-09-22 19:51:15.232] [info] Bar configured (width: 1300, height: 33) for output: eDP-1
[2024-09-22 19:51:15.265] [info] Bar configured (width: 1299, height: 33) for output: eDP-1
[2024-09-22 19:51:15.332] [info] Bar configured (width: 1298, height: 33) for output: eDP-1
[2024-09-22 19:51:40.352] [info] Bar configured (width: 1322, height: 33) for output: eDP-1
[2024-09-22 19:51:40.365] [info] Bar configured (width: 1323, height: 33) for output: eDP-1
[2024-09-22 19:51:40.673] [info] Bar configured (width: 1309, height: 33) for output: eDP-1
[2024-09-22 19:51:40.983] [info] Bar configured (width: 1298, height: 33) for output: eDP-1
[2024-09-22 19:51:41.299] [info] Bar configured (width: 1299, height: 33) for output: eDP-1
[2024-09-22 19:51:41.598] [info] Bar configured (width: 1298, height: 33) for output: eDP-1
[2024-09-22 19:51:41.715] [info] Bar configured (width: 1299, height: 33) for output: eDP-1
[2024-09-22 19:51:42.015] [info] Bar configured (width: 1298, height: 33) for output: eDP-1
[2024-09-22 19:51:42.151] [info] Bar configured (width: 1299, height: 33) for output: eDP-1
[2024-09-22 19:51:42.448] [info] Bar configured (width: 1298, height: 33) for output: eDP-1
[2024-09-22 19:51:42.532] [info] Bar configured (width: 1299, height: 33) for output: eDP-1
[2024-09-22 19:51:42.832] [info] Bar configured (width: 1298, height: 33) for output: eDP-1
[2024-09-22 19:52:43.648] [info] Bar configured (width: 1299, height: 33) for output: eDP-1
[2024-09-22 19:52:43.948] [info] Bar configured (width: 1298, height: 33) for output: eDP-1
[2024-09-22 19:52:46.563] [info] Bar configured (width: 1280, height: 33) for output: eDP-1
[2024-09-22 20:33:35.305] [info] Bar configured (width: 1289, height: 33) for output: eDP-1
[2024-09-22 20:33:36.728] [info] Bar configured (width: 1290, height: 33) for output: eDP-1
[2024-09-22 20:33:37.009] [info] Bar configured (width: 1289, height: 33) for output: eDP-1
[2024-09-22 20:33:39.526] [info] Bar configured (width: 1290, height: 33) for output: eDP-1
[2024-09-22 20:33:39.808] [info] Bar configured (width: 1289, height: 33) for output: eDP-1
[2024-09-22 20:33:40.025] [info] Bar configured (width: 1290, height: 33) for output: eDP-1
[2024-09-22 20:33:40.325] [info] Bar configured (width: 1289, height: 33) for output: eDP-1
[2024-09-22 20:33:40.725] [info] Bar configured (width: 1290, height: 33) for output: eDP-1
[2024-09-22 20:33:41.025] [info] Bar configured (width: 1289, height: 33) for output: eDP-1
[2024-09-22 20:33:46.343] [info] Bar configured (width: 1290, height: 33) for output: eDP-1
[2024-09-22 20:33:46.560] [info] Bar configured (width: 1291, height: 33) for output: eDP-1
[2024-09-22 20:33:46.576] [info] Bar configured (width: 1293, height: 33) for output: eDP-1
[2024-09-22 20:33:46.609] [info] Bar configured (width: 1292, height: 33) for output: eDP-1
[2024-09-22 20:33:46.625] [info] Bar configured (width: 1293, height: 33) for output: eDP-1
[2024-09-22 20:33:46.642] [info] Bar configured (width: 1292, height: 33) for output: eDP-1
[2024-09-22 20:33:46.692] [info] Bar configured (width: 1291, height: 33) for output: eDP-1
[2024-09-22 20:33:46.749] [info] Bar configured (width: 1292, height: 33) for output: eDP-1
[2024-09-22 20:33:46.777] [info] Bar configured (width: 1293, height: 33) for output: eDP-1
[2024-09-22 20:33:46.859] [info] Bar configured (width: 1292, height: 33) for output: eDP-1
[2024-09-22 20:33:46.909] [info] Bar configured (width: 1291, height: 33) for output: eDP-1
[2024-09-22 20:33:46.958] [info] Bar configured (width: 1290, height: 33) for output: eDP-1
[2024-09-22 20:33:46.975] [info] Bar configured (width: 1291, height: 33) for output: eDP-1
[2024-09-22 20:33:46.992] [info] Bar configured (width: 1290, height: 33) for output: eDP-1
[2024-09-22 20:33:47.058] [info] Bar configured (width: 1289, height: 33) for output: eDP-1
[2024-09-22 20:33:53.125] [info] Bar configured (width: 1290, height: 33) for output: eDP-1
[2024-09-22 20:33:53.313] [info] Bar configured (width: 1291, height: 33) for output: eDP-1
[2024-09-22 20:33:53.326] [info] Bar configured (width: 1292, height: 33) for output: eDP-1
[2024-09-22 20:33:53.358] [info] Bar configured (width: 1294, height: 33) for output: eDP-1
[2024-09-22 20:33:53.376] [info] Bar configured (width: 1293, height: 33) for output: eDP-1
[2024-09-22 20:33:53.425] [info] Bar configured (width: 1292, height: 33) for output: eDP-1
[2024-09-22 20:33:53.492] [info] Bar configured (width: 1291, height: 33) for output: eDP-1
[2024-09-22 20:33:53.542] [info] Bar configured (width: 1292, height: 33) for output: eDP-1
[2024-09-22 20:33:53.575] [info] Bar configured (width: 1293, height: 33) for output: eDP-1
[2024-09-22 20:33:53.591] [info] Bar configured (width: 1292, height: 33) for output: eDP-1
[2024-09-22 20:33:53.658] [info] Bar configured (width: 1291, height: 33) for output: eDP-1
[2024-09-22 20:33:53.742] [info] Bar configured (width: 1290, height: 33) for output: eDP-1
[2024-09-22 20:33:53.758] [info] Bar configured (width: 1291, height: 33) for output: eDP-1
[2024-09-22 20:33:53.775] [info] Bar configured (width: 1290, height: 33) for output: eDP-1
[2024-09-22 20:33:53.842] [info] Bar configured (width: 1289, height: 33) for output: eDP-1
[2024-09-22 20:34:36.492] [info] Bar configured (width: 1290, height: 33) for output: eDP-1
[2024-09-22 20:34:36.725] [info] Bar configured (width: 1291, height: 33) for output: eDP-1
[2024-09-22 20:34:36.758] [info] Bar configured (width: 1292, height: 33) for output: eDP-1
[2024-09-22 20:34:36.775] [info] Bar configured (width: 1291, height: 33) for output: eDP-1
[2024-09-22 20:34:36.791] [info] Bar configured (width: 1292, height: 33) for output: eDP-1
[2024-09-22 20:34:36.808] [info] Bar configured (width: 1291, height: 33) for output: eDP-1
[2024-09-22 20:34:36.907] [info] Bar configured (width: 1290, height: 33) for output: eDP-1
[2024-09-22 20:34:36.941] [info] Bar configured (width: 1291, height: 33) for output: eDP-1
[2024-09-22 20:34:36.958] [info] Bar configured (width: 1290, height: 33) for output: eDP-1
[2024-09-22 20:34:37.025] [info] Bar configured (width: 1289, height: 33) for output: eDP-1
[2024-09-22 20:34:37.142] [info] Bar configured (width: 1290, height: 33) for output: eDP-1
[2024-09-22 20:34:37.441] [info] Bar configured (width: 1289, height: 33) for output: eDP-1
[2024-09-22 20:34:49.924] [info] Bar configured (width: 1290, height: 33) for output: eDP-1
[2024-09-22 20:34:50.142] [info] Bar configured (width: 1291, height: 33) for output: eDP-1
[2024-09-22 20:34:50.158] [info] Bar configured (width: 1293, height: 33) for output: eDP-1
[2024-09-22 20:34:50.192] [info] Bar configured (width: 1292, height: 33) for output: eDP-1
[2024-09-22 20:34:50.208] [info] Bar configured (width: 1293, height: 33) for output: eDP-1
[2024-09-22 20:34:50.224] [info] Bar configured (width: 1292, height: 33) for output: eDP-1
[2024-09-22 20:34:50.275] [info] Bar configured (width: 1291, height: 33) for output: eDP-1
[2024-09-22 20:34:50.341] [info] Bar configured (width: 1290, height: 33) for output: eDP-1
[2024-09-22 20:34:50.359] [info] Bar configured (width: 1291, height: 33) for output: eDP-1
[2024-09-22 20:34:50.375] [info] Bar configured (width: 1290, height: 33) for output: eDP-1
[2024-09-22 20:34:50.441] [info] Bar configured (width: 1289, height: 33) for output: eDP-1
[2024-09-22 20:34:50.908] [info] Bar configured (width: 1290, height: 33) for output: eDP-1
[2024-09-22 20:34:51.208] [info] Bar configured (width: 1289, height: 33) for output: eDP-1
[2024-09-22 20:35:24.491] [info] Bar configured (width: 1290, height: 33) for output: eDP-1
[2024-09-22 20:35:24.724] [info] Bar configured (width: 1291, height: 33) for output: eDP-1
[2024-09-22 20:35:24.758] [info] Bar configured (width: 1292, height: 33) for output: eDP-1
[2024-09-22 20:35:24.775] [info] Bar configured (width: 1291, height: 33) for output: eDP-1
[2024-09-22 20:35:24.791] [info] Bar configured (width: 1292, height: 33) for output: eDP-1
[2024-09-22 20:35:24.807] [info] Bar configured (width: 1291, height: 33) for output: eDP-1
[2024-09-22 20:35:24.907] [info] Bar configured (width: 1290, height: 33) for output: eDP-1
[2024-09-22 20:35:24.940] [info] Bar configured (width: 1291, height: 33) for output: eDP-1
[2024-09-22 20:35:24.957] [info] Bar configured (width: 1290, height: 33) for output: eDP-1
[2024-09-22 20:35:25.024] [info] Bar configured (width: 1289, height: 33) for output: eDP-1
[2024-09-22 20:35:25.108] [info] Bar configured (width: 1290, height: 33) for output: eDP-1
[2024-09-22 20:35:25.407] [info] Bar configured (width: 1289, height: 33) for output: eDP-1
[2024-09-22 20:35:33.058] [info] Bar configured (width: 1290, height: 33) for output: eDP-1
[2024-09-22 20:35:33.295] [info] Bar configured (width: 1291, height: 33) for output: eDP-1
[2024-09-22 20:35:33.473] [info] Bar configured (width: 1290, height: 33) for output: eDP-1
[2024-09-22 20:35:33.523] [info] Bar configured (width: 1291, height: 33) for output: eDP-1
[2024-09-22 20:35:33.540] [info] Bar configured (width: 1290, height: 33) for output: eDP-1
[2024-09-22 20:35:33.590] [info] Bar configured (width: 1289, height: 33) for output: eDP-1
[2024-09-22 20:35:34.207] [info] Bar configured (width: 1290, height: 33) for output: eDP-1
[2024-09-22 20:35:34.507] [info] Bar configured (width: 1289, height: 33) for output: eDP-1
[2024-09-22 20:36:42.289] [info] Bar configured (width: 1290, height: 33) for output: eDP-1
[2024-09-22 20:36:42.459] [info] Bar configured (width: 1291, height: 33) for output: eDP-1
[2024-09-22 20:36:42.474] [info] Bar configured (width: 1292, height: 33) for output: eDP-1
[2024-09-22 20:36:42.490] [info] Bar configured (width: 1293, height: 33) for output: eDP-1
[2024-09-22 20:36:42.523] [info] Bar configured (width: 1294, height: 33) for output: eDP-1
[2024-09-22 20:36:42.556] [info] Bar configured (width: 1293, height: 33) for output: eDP-1
[2024-09-22 20:36:42.606] [info] Bar configured (width: 1292, height: 33) for output: eDP-1
[2024-09-22 20:36:42.639] [info] Bar configured (width: 1291, height: 33) for output: eDP-1
[2024-09-22 20:36:42.672] [info] Bar configured (width: 1290, height: 33) for output: eDP-1
[2024-09-22 20:36:42.689] [info] Bar configured (width: 1291, height: 33) for output: eDP-1
[2024-09-22 20:36:42.706] [info] Bar configured (width: 1290, height: 33) for output: eDP-1
[2024-09-22 20:36:42.772] [info] Bar configured (width: 1289, height: 33) for output: eDP-1
[2024-09-22 20:36:42.873] [info] Bar configured (width: 1290, height: 33) for output: eDP-1
[2024-09-22 20:36:43.173] [info] Bar configured (width: 1289, height: 33) for output: eDP-1
[2024-09-22 20:36:47.439] [info] Bar configured (width: 1290, height: 33) for output: eDP-1
[2024-09-22 20:36:47.645] [info] Bar configured (width: 1291, height: 33) for output: eDP-1
[2024-09-22 20:36:47.656] [info] Bar configured (width: 1292, height: 33) for output: eDP-1
[2024-09-22 20:36:47.773] [info] Bar configured (width: 1291, height: 33) for output: eDP-1
[2024-09-22 20:36:47.823] [info] Bar configured (width: 1292, height: 33) for output: eDP-1
[2024-09-22 20:36:47.856] [info] Bar configured (width: 1293, height: 33) for output: eDP-1
[2024-09-22 20:36:47.872] [info] Bar configured (width: 1294, height: 33) for output: eDP-1
[2024-09-22 20:36:47.923] [info] Bar configured (width: 1293, height: 33) for output: eDP-1
[2024-09-22 20:36:47.972] [info] Bar configured (width: 1292, height: 33) for output: eDP-1
[2024-09-22 20:36:48.005] [info] Bar configured (width: 1291, height: 33) for output: eDP-1
[2024-09-22 20:36:48.038] [info] Bar configured (width: 1290, height: 33) for output: eDP-1
[2024-09-22 20:36:48.055] [info] Bar configured (width: 1291, height: 33) for output: eDP-1
[2024-09-22 20:36:48.072] [info] Bar configured (width: 1290, height: 33) for output: eDP-1
[2024-09-22 20:36:48.139] [info] Bar configured (width: 1289, height: 33) for output: eDP-1
[2024-09-22 20:36:48.389] [info] Bar configured (width: 1290, height: 33) for output: eDP-1
[2024-09-22 20:36:48.989] [info] Bar configured (width: 1289, height: 33) for output: eDP-1
[2024-09-22 20:36:54.990] [info] Bar configured (width: 1290, height: 33) for output: eDP-1
[2024-09-22 20:36:55.144] [info] Bar configured (width: 1291, height: 33) for output: eDP-1
[2024-09-22 20:36:55.157] [info] Bar configured (width: 1292, height: 33) for output: eDP-1
[2024-09-22 20:36:55.173] [info] Bar configured (width: 1293, height: 33) for output: eDP-1
[2024-09-22 20:36:55.190] [info] Bar configured (width: 1294, height: 33) for output: eDP-1
[2024-09-22 20:36:55.224] [info] Bar configured (width: 1295, height: 33) for output: eDP-1
[2024-09-22 20:36:55.239] [info] Bar configured (width: 1294, height: 33) for output: eDP-1
[2024-09-22 20:36:55.274] [info] Bar configured (width: 1293, height: 33) for output: eDP-1
[2024-09-22 20:36:55.290] [info] Bar configured (width: 1294, height: 33) for output: eDP-1
[2024-09-22 20:36:55.322] [info] Bar configured (width: 1295, height: 33) for output: eDP-1
[2024-09-22 20:36:55.357] [info] Bar configured (width: 1296, height: 33) for output: eDP-1
[2024-09-22 20:36:55.389] [info] Bar configured (width: 1295, height: 33) for output: eDP-1
[2024-09-22 20:36:55.406] [info] Bar configured (width: 1294, height: 33) for output: eDP-1
[2024-09-22 20:36:55.439] [info] Bar configured (width: 1293, height: 33) for output: eDP-1
[2024-09-22 20:36:55.472] [info] Bar configured (width: 1292, height: 33) for output: eDP-1
[2024-09-22 20:36:55.489] [info] Bar configured (width: 1291, height: 33) for output: eDP-1
[2024-09-22 20:36:55.539] [info] Bar configured (width: 1290, height: 33) for output: eDP-1
[2024-09-22 20:36:55.606] [info] Bar configured (width: 1289, height: 33) for output: eDP-1
[2024-09-22 20:37:02.939] [info] Bar configured (width: 1290, height: 33) for output: eDP-1
[2024-09-22 20:37:03.239] [info] Bar configured (width: 1291, height: 33) for output: eDP-1
[2024-09-22 20:37:03.256] [info] Bar configured (width: 1290, height: 33) for output: eDP-1
[2024-09-22 20:37:03.272] [info] Bar configured (width: 1291, height: 33) for output: eDP-1
[2024-09-22 20:37:03.306] [info] Bar configured (width: 1290, height: 33) for output: eDP-1
[2024-09-22 20:37:03.506] [info] Bar configured (width: 1289, height: 33) for output: eDP-1
[2024-09-22 20:37:03.805] [info] Bar configured (width: 1290, height: 33) for output: eDP-1
[2024-09-22 20:37:04.105] [info] Bar configured (width: 1289, height: 33) for output: eDP-1
[2024-09-22 20:38:00.709] [info] Bar configured (width: 1317, height: 33) for output: eDP-1
[2024-09-22 20:38:01.638] [info] Bar configured (width: 1345, height: 33) for output: eDP-1
[2024-09-22 20:38:02.347] [info] Bar configured (width: 1317, height: 33) for output: eDP-1
[2024-09-22 20:38:02.365] [info] Bar configured (width: 1345, height: 33) for output: eDP-1
[2024-09-22 20:38:02.745] [info] Bar configured (width: 1317, height: 33) for output: eDP-1
[2024-09-22 20:38:02.763] [info] Bar configured (width: 1345, height: 33) for output: eDP-1
[2024-09-22 20:38:03.347] [info] Bar configured (width: 1317, height: 33) for output: eDP-1
[2024-09-22 20:38:03.364] [info] Bar configured (width: 1345, height: 33) for output: eDP-1
[2024-09-22 20:38:04.047] [info] Bar configured (width: 1317, height: 33) for output: eDP-1
[2024-09-22 20:38:04.061] [info] Bar configured (width: 1345, height: 33) for output: eDP-1
[2024-09-22 20:38:04.546] [info] Bar configured (width: 1317, height: 33) for output: eDP-1
[2024-09-22 20:38:04.563] [info] Bar configured (width: 1345, height: 33) for output: eDP-1
[2024-09-22 20:38:05.697] [info] Bar configured (width: 1317, height: 33) for output: eDP-1
[2024-09-22 20:38:06.715] [info] Bar configured (width: 1289, height: 33) for output: eDP-1
[2024-09-22 20:38:11.888] [info] Bar configured (width: 1290, height: 33) for output: eDP-1
[2024-09-22 20:38:12.121] [info] Bar configured (width: 1291, height: 33) for output: eDP-1
[2024-09-22 20:38:12.154] [info] Bar configured (width: 1292, height: 33) for output: eDP-1
[2024-09-22 20:38:12.171] [info] Bar configured (width: 1291, height: 33) for output: eDP-1
[2024-09-22 20:38:12.188] [info] Bar configured (width: 1292, height: 33) for output: eDP-1
[2024-09-22 20:38:12.204] [info] Bar configured (width: 1291, height: 33) for output: eDP-1
[2024-09-22 20:38:12.304] [info] Bar configured (width: 1290, height: 33) for output: eDP-1
[2024-09-22 20:38:12.337] [info] Bar configured (width: 1291, height: 33) for output: eDP-1
[2024-09-22 20:38:12.354] [info] Bar configured (width: 1290, height: 33) for output: eDP-1
[2024-09-22 20:38:12.704] [info] Bar configured (width: 1289, height: 33) for output: eDP-1
[2024-09-22 20:38:18.340] [info] Bar configured (width: 1290, height: 33) for output: eDP-1
[2024-09-22 20:38:18.526] [info] Bar configured (width: 1291, height: 33) for output: eDP-1
[2024-09-22 20:38:18.538] [info] Bar configured (width: 1292, height: 33) for output: eDP-1
[2024-09-22 20:38:18.572] [info] Bar configured (width: 1294, height: 33) for output: eDP-1
[2024-09-22 20:38:18.587] [info] Bar configured (width: 1293, height: 33) for output: eDP-1
[2024-09-22 20:38:18.637] [info] Bar configured (width: 1292, height: 33) for output: eDP-1
[2024-09-22 20:38:18.704] [info] Bar configured (width: 1291, height: 33) for output: eDP-1
[2024-09-22 20:38:18.738] [info] Bar configured (width: 1290, height: 33) for output: eDP-1
[2024-09-22 20:38:18.754] [info] Bar configured (width: 1291, height: 33) for output: eDP-1
[2024-09-22 20:38:18.772] [info] Bar configured (width: 1290, height: 33) for output: eDP-1
[2024-09-22 20:38:18.837] [info] Bar configured (width: 1289, height: 33) for output: eDP-1
[2024-09-22 20:38:19.205] [info] Bar configured (width: 1290, height: 33) for output: eDP-1
[2024-09-22 20:38:19.487] [info] Bar configured (width: 1289, height: 33) for output: eDP-1
[2024-09-22 20:38:38.687] [info] Bar configured (width: 1290, height: 33) for output: eDP-1
[2024-09-22 20:38:38.987] [info] Bar configured (width: 1289, height: 33) for output: eDP-1
[2024-09-22 20:38:39.754] [info] Bar configured (width: 1290, height: 33) for output: eDP-1
[2024-09-22 20:38:40.054] [info] Bar configured (width: 1289, height: 33) for output: eDP-1
[2024-09-22 20:39:09.586] [info] Bar configured (width: 1290, height: 33) for output: eDP-1
[2024-09-22 20:39:10.186] [info] Bar configured (width: 1289, height: 33) for output: eDP-1
[2024-09-22 20:39:24.986] [info] Bar configured (width: 1290, height: 33) for output: eDP-1
[2024-09-22 20:39:25.158] [info] Bar configured (width: 1291, height: 33) for output: eDP-1
[2024-09-22 20:39:25.170] [info] Bar configured (width: 1292, height: 33) for output: eDP-1
[2024-09-22 20:39:25.187] [info] Bar configured (width: 1293, height: 33) for output: eDP-1
[2024-09-22 20:39:25.203] [info] Bar configured (width: 1294, height: 33) for output: eDP-1
[2024-09-22 20:39:25.270] [info] Bar configured (width: 1293, height: 33) for output: eDP-1
[2024-09-22 20:39:25.303] [info] Bar configured (width: 1292, height: 33) for output: eDP-1
[2024-09-22 20:39:25.388] [info] Bar configured (width: 1293, height: 33) for output: eDP-1
[2024-09-22 20:39:25.470] [info] Bar configured (width: 1292, height: 33) for output: eDP-1
[2024-09-22 20:39:25.520] [info] Bar configured (width: 1291, height: 33) for output: eDP-1
[2024-09-22 20:39:25.569] [info] Bar configured (width: 1290, height: 33) for output: eDP-1
[2024-09-22 20:39:25.586] [info] Bar configured (width: 1291, height: 33) for output: eDP-1
[2024-09-22 20:39:25.603] [info] Bar configured (width: 1290, height: 33) for output: eDP-1
[2024-09-22 20:39:25.669] [info] Bar configured (width: 1289, height: 33) for output: eDP-1
[2024-09-22 20:39:32.603] [info] Bar configured (width: 1290, height: 33) for output: eDP-1
[2024-09-22 20:39:32.886] [info] Bar configured (width: 1289, height: 33) for output: eDP-1
[2024-09-22 20:39:32.970] [info] Bar configured (width: 1290, height: 33) for output: eDP-1
[2024-09-22 20:39:33.253] [info] Bar configured (width: 1289, height: 33) for output: eDP-1
[2024-09-22 20:39:33.869] [info] Bar configured (width: 1290, height: 33) for output: eDP-1
[2024-09-22 20:39:34.169] [info] Bar configured (width: 1289, height: 33) for output: eDP-1
[2024-09-22 20:39:51.836] [info] Bar configured (width: 1290, height: 33) for output: eDP-1
[2024-09-22 20:39:52.069] [info] Bar configured (width: 1291, height: 33) for output: eDP-1
[2024-09-22 20:39:52.102] [info] Bar configured (width: 1292, height: 33) for output: eDP-1
[2024-09-22 20:39:52.119] [info] Bar configured (width: 1291, height: 33) for output: eDP-1
[2024-09-22 20:39:52.136] [info] Bar configured (width: 1292, height: 33) for output: eDP-1
[2024-09-22 20:39:52.152] [info] Bar configured (width: 1291, height: 33) for output: eDP-1
[2024-09-22 20:39:52.235] [info] Bar configured (width: 1290, height: 33) for output: eDP-1
[2024-09-22 20:39:52.371] [info] Bar configured (width: 1289, height: 33) for output: eDP-1
[2024-09-22 20:39:52.403] [info] Bar configured (width: 1290, height: 33) for output: eDP-1
[2024-09-22 20:39:52.702] [info] Bar configured (width: 1289, height: 33) for output: eDP-1
[2024-09-22 20:39:57.936] [info] Bar configured (width: 1290, height: 33) for output: eDP-1
[2024-09-22 20:39:58.253] [info] Bar configured (width: 1291, height: 33) for output: eDP-1
[2024-09-22 20:39:58.269] [info] Bar configured (width: 1290, height: 33) for output: eDP-1
[2024-09-22 20:39:58.286] [info] Bar configured (width: 1291, height: 33) for output: eDP-1
[2024-09-22 20:39:58.302] [info] Bar configured (width: 1290, height: 33) for output: eDP-1
[2024-09-22 20:39:58.519] [info] Bar configured (width: 1289, height: 33) for output: eDP-1
[2024-09-22 20:39:58.552] [info] Bar configured (width: 1290, height: 33) for output: eDP-1
[2024-09-22 20:39:58.852] [info] Bar configured (width: 1289, height: 33) for output: eDP-1
[2024-09-22 20:40:19.202] [info] Bar configured (width: 1290, height: 33) for output: eDP-1
[2024-09-22 20:40:19.359] [info] Bar configured (width: 1291, height: 33) for output: eDP-1
[2024-09-22 20:40:19.369] [info] Bar configured (width: 1292, height: 33) for output: eDP-1
[2024-09-22 20:40:19.386] [info] Bar configured (width: 1293, height: 33) for output: eDP-1
[2024-09-22 20:40:19.402] [info] Bar configured (width: 1294, height: 33) for output: eDP-1
[2024-09-22 20:40:19.435] [info] Bar configured (width: 1295, height: 33) for output: eDP-1
[2024-09-22 20:40:19.452] [info] Bar configured (width: 1294, height: 33) for output: eDP-1
[2024-09-22 20:40:19.485] [info] Bar configured (width: 1293, height: 33) for output: eDP-1
[2024-09-22 20:40:19.518] [info] Bar configured (width: 1292, height: 33) for output: eDP-1
[2024-09-22 20:40:19.569] [info] Bar configured (width: 1293, height: 33) for output: eDP-1
[2024-09-22 20:40:19.669] [info] Bar configured (width: 1292, height: 33) for output: eDP-1
[2024-09-22 20:40:19.718] [info] Bar configured (width: 1291, height: 33) for output: eDP-1
[2024-09-22 20:40:19.769] [info] Bar configured (width: 1290, height: 33) for output: eDP-1
[2024-09-22 20:40:19.785] [info] Bar configured (width: 1291, height: 33) for output: eDP-1
[2024-09-22 20:40:19.802] [info] Bar configured (width: 1290, height: 33) for output: eDP-1
[2024-09-22 20:40:19.869] [info] Bar configured (width: 1289, height: 33) for output: eDP-1
[2024-09-22 20:40:21.904] [info] Bar configured (width: 1290, height: 33) for output: eDP-1
[2024-09-22 20:40:22.120] [info] Bar configured (width: 1292, height: 33) for output: eDP-1
[2024-09-22 20:40:22.136] [info] Bar configured (width: 1293, height: 33) for output: eDP-1
[2024-09-22 20:40:22.169] [info] Bar configured (width: 1292, height: 33) for output: eDP-1
[2024-09-22 20:40:22.186] [info] Bar configured (width: 1293, height: 33) for output: eDP-1
[2024-09-22 20:40:22.202] [info] Bar configured (width: 1292, height: 33) for output: eDP-1
[2024-09-22 20:40:22.252] [info] Bar configured (width: 1291, height: 33) for output: eDP-1
[2024-09-22 20:40:22.274] [info] Bar configured (width: 1292, height: 33) for output: eDP-1
[2024-09-22 20:40:22.285] [info] Bar configured (width: 1293, height: 33) for output: eDP-1
[2024-09-22 20:40:22.302] [info] Bar configured (width: 1294, height: 33) for output: eDP-1
[2024-09-22 20:40:22.335] [info] Bar configured (width: 1295, height: 33) for output: eDP-1
[2024-09-22 20:40:22.371] [info] Bar configured (width: 1294, height: 33) for output: eDP-1
[2024-09-22 20:40:22.402] [info] Bar configured (width: 1293, height: 33) for output: eDP-1
[2024-09-22 20:40:22.435] [info] Bar configured (width: 1292, height: 33) for output: eDP-1
[2024-09-22 20:40:22.468] [info] Bar configured (width: 1291, height: 33) for output: eDP-1
[2024-09-22 20:40:22.518] [info] Bar configured (width: 1290, height: 33) for output: eDP-1
[2024-09-22 20:40:22.585] [info] Bar configured (width: 1289, height: 33) for output: eDP-1
[2024-09-22 20:40:32.402] [info] Bar configured (width: 1290, height: 33) for output: eDP-1
[2024-09-22 20:40:32.623] [info] Bar configured (width: 1291, height: 33) for output: eDP-1
[2024-09-22 20:40:32.637] [info] Bar configured (width: 1292, height: 33) for output: eDP-1
[2024-09-22 20:40:32.736] [info] Bar configured (width: 1291, height: 33) for output: eDP-1
[2024-09-22 20:40:32.818] [info] Bar configured (width: 1290, height: 33) for output: eDP-1
[2024-09-22 20:40:32.851] [info] Bar configured (width: 1291, height: 33) for output: eDP-1
[2024-09-22 20:40:32.868] [info] Bar configured (width: 1290, height: 33) for output: eDP-1
[2024-09-22 20:40:32.935] [info] Bar configured (width: 1289, height: 33) for output: eDP-1
[2024-09-22 20:40:33.052] [info] Bar configured (width: 1290, height: 33) for output: eDP-1
[2024-09-22 20:40:33.352] [info] Bar configured (width: 1289, height: 33) for output: eDP-1
[2024-09-22 20:47:45.365] [info] Bar configured (width: 1290, height: 33) for output: eDP-1
[2024-09-22 20:47:45.661] [info] Bar configured (width: 1289, height: 33) for output: eDP-1
[2024-09-22 20:47:45.861] [info] Bar configured (width: 1290, height: 33) for output: eDP-1
[2024-09-22 20:47:46.161] [info] Bar configured (width: 1289, height: 33) for output: eDP-1
[2024-09-22 20:47:46.544] [info] Bar configured (width: 1290, height: 33) for output: eDP-1
[2024-09-22 20:47:46.845] [info] Bar configured (width: 1289, height: 33) for output: eDP-1
[2024-09-22 20:47:56.494] [info] Bar configured (width: 1290, height: 33) for output: eDP-1
[2024-09-22 20:47:56.777] [info] Bar configured (width: 1289, height: 33) for output: eDP-1
[2024-09-22 20:47:56.827] [info] Bar configured (width: 1290, height: 33) for output: eDP-1
[2024-09-22 20:47:57.127] [info] Bar configured (width: 1289, height: 33) for output: eDP-1
[2024-09-22 20:47:57.262] [info] Bar configured (width: 1290, height: 33) for output: eDP-1
[2024-09-22 20:47:57.544] [info] Bar configured (width: 1289, height: 33) for output: eDP-1
[2024-09-22 20:48:24.879] [info] Bar configured (width: 1290, height: 33) for output: eDP-1
[2024-09-22 20:48:25.160] [info] Bar configured (width: 1289, height: 33) for output: eDP-1
[2024-09-22 20:48:25.244] [info] Bar configured (width: 1290, height: 33) for output: eDP-1
[2024-09-22 20:48:25.543] [info] Bar configured (width: 1289, height: 33) for output: eDP-1
[2024-09-22 20:48:26.527] [info] Bar configured (width: 1290, height: 33) for output: eDP-1
[2024-09-22 20:48:26.810] [info] Bar configured (width: 1289, height: 33) for output: eDP-1
[2024-09-22 20:48:32.094] [info] Bar configured (width: 1290, height: 33) for output: eDP-1
[2024-09-22 20:48:32.282] [info] Bar configured (width: 1291, height: 33) for output: eDP-1
[2024-09-22 20:48:32.293] [info] Bar configured (width: 1292, height: 33) for output: eDP-1
[2024-09-22 20:48:32.327] [info] Bar configured (width: 1293, height: 33) for output: eDP-1
[2024-09-22 20:48:32.393] [info] Bar configured (width: 1292, height: 33) for output: eDP-1
[2024-09-22 20:48:32.443] [info] Bar configured (width: 1291, height: 33) for output: eDP-1
[2024-09-22 20:48:32.493] [info] Bar configured (width: 1290, height: 33) for output: eDP-1
[2024-09-22 20:48:32.510] [info] Bar configured (width: 1291, height: 33) for output: eDP-1
[2024-09-22 20:48:32.526] [info] Bar configured (width: 1290, height: 33) for output: eDP-1
[2024-09-22 20:48:32.593] [info] Bar configured (width: 1289, height: 33) for output: eDP-1
[2024-09-22 20:48:32.694] [info] Bar configured (width: 1290, height: 33) for output: eDP-1
[2024-09-22 20:48:32.977] [info] Bar configured (width: 1289, height: 33) for output: eDP-1
[2024-09-22 20:51:08.004] [info] Bar configured (width: 1282, height: 33) for output: eDP-1
[2024-09-22 20:51:09.811] [info] Bar configured (width: 1283, height: 33) for output: eDP-1
[2024-09-22 20:51:10.030] [info] Bar configured (width: 1284, height: 33) for output: eDP-1
[2024-09-22 20:51:10.075] [info] Bar configured (width: 1285, height: 33) for output: eDP-1
[2024-09-22 20:51:10.092] [info] Bar configured (width: 1284, height: 33) for output: eDP-1
[2024-09-22 20:51:10.108] [info] Bar configured (width: 1285, height: 33) for output: eDP-1
[2024-09-22 20:51:10.124] [info] Bar configured (width: 1284, height: 33) for output: eDP-1
[2024-09-22 20:51:10.224] [info] Bar configured (width: 1283, height: 33) for output: eDP-1
[2024-09-22 20:51:10.258] [info] Bar configured (width: 1284, height: 33) for output: eDP-1
[2024-09-22 20:51:10.274] [info] Bar configured (width: 1283, height: 33) for output: eDP-1
[2024-09-22 20:51:10.340] [info] Bar configured (width: 1282, height: 33) for output: eDP-1
[2024-09-22 20:51:10.474] [info] Bar configured (width: 1283, height: 33) for output: eDP-1
[2024-09-22 20:51:10.757] [info] Bar configured (width: 1282, height: 33) for output: eDP-1
[2024-09-22 20:51:11.208] [info] Bar configured (width: 1283, height: 33) for output: eDP-1
[2024-09-22 20:51:11.507] [info] Bar configured (width: 1282, height: 33) for output: eDP-1
[2024-09-22 20:51:13.125] [info] Bar configured (width: 1280, height: 33) for output: eDP-1
[2024-09-22 22:16:06.808] [error] Hyprland IPC: Couldn't read (5)
[2024-09-22 22:16:06.808] [error] Hyprland IPC: Couldn't read (5)
[2024-09-22 22:16:06.816] [error] hyprland/workspaces: Hyprland IPC: Couldn't connect to /run/user/1000/hypr/918d8340afd652b011b937d29d5eea0be08467f5_1727003945_153233324/.socket.sock. (3)
Gdk-Message: 22:16:06.816: Lost connection to Wayland compositor.
